[20:24:27] [main/DEBUG] [FML/]: Injecting tracing printstreams for STDOUT/STDERR.
[20:24:27] [main/INFO] [FML/]: Forge Mod Loader version 7.99.40.1614 for Minecraft 1.7.10 loading
[20:24:27] [main/INFO] [FML/]: Java is Java HotSpot(TM) 64-Bit Server VM, version 1.8.0_301, running on Windows 10:amd64:10.0, installed at C:\Program Files\Java\jre1.8.0_301
[20:24:27] [main/DEBUG] [FML/]: Java classpath at launch is C:\Users\bartu\OneDrive\Masaüstü\MC\re\pack.jar
[20:24:27] [main/DEBUG] [FML/]: Java library path at launch is C:\Program Files\Java\jre1.8.0_301\bin;C:\WINDOWS\Sun\Java\bin;C:\WINDOWS\system32;C:\WINDOWS;C:\Program Files\AdoptOpenJDK\jdk-11.0.11.9-hotspot\bin;C:\Program Files (x86)\Common Files\Oracle\Java\javapath;C:\Windows\system32;C:\Windows;C:\Windows\System32\Wbem;C:\Windows\System32\WindowsPowerShell\v1.0\;C:\Windows\System32\OpenSSH\;C:\Program Files\NVIDIA Corporation\NVIDIA NvDLISR;C:\Program Files (x86)\NVIDIA Corporation\PhysX\Common;C:\Program Files\Intel\WiFi\bin\;C:\Program Files\Common Files\Intel\WirelessCommon\;C:\ProgramData\chocolatey\bin;C:\Program Files (x86)\ffmpeg;C:\Users\bartu\AppData\Local\Programs\Python\Python38-32\Scripts;C:\Users\bartu\AppData\Roaming\nvm;C:\Program Files\nodejs;C:\Program Files\Git\cmd;C:\Program Files\Redis;C:\Program Files\PuTTY\;C:\Program Files\Go\bin;C:\Program Files\mingw-w64\x86_64-8.1.0-posix-seh-rt_v6-rev0\mingw64\bin;C:\Program Files\nodejs\;C:\Program Files\dotnet\;C:\Program Files\Docker\Docker\resources\bin;C:\ProgramData\DockerDesktop\version-bin;C:\WINDOWS\system32;C:\WINDOWS;C:\WINDOWS\System32\Wbem;C:\WINDOWS\System32\WindowsPowerShell\v1.0\;C:\WINDOWS\System32\OpenSSH\;C:\Users\bartu\AppData\Local\Programs\Python\Python39\Scripts\;C:\Users\bartu\AppData\Local\Programs\Python\Python39\;C:\Ruby27-x64\bin;C:\Users\bartu\AppData\Local\Programs\Python\Python38\Scripts\;C:\Users\bartu\AppData\Local\Programs\Python\Python38\;C:\Users\bartu\AppData\Local\Programs\Python\Python38-32\Scripts\;C:\Users\bartu\AppData\Local\Programs\Python\Python38-32\;C:\Users\bartu\AppData\Local\Microsoft\WindowsApps;C:\Program Files\Intel\WiFi\bin\;C:\Program Files\Common Files\Intel\WirelessCommon\;C:\Users\bartu\AppData\Local\Programs\Microsoft VS Code\bin;C:\Users\bartu\dbot\node_modules\ffmpeg\bin;C:\Program Files\heroku\bin;C:\Panda3D-1.10.6-x64\python;C:\Panda3D-1.10.6-x64\python\Scripts;C:\Panda3D-1.10.6-x64\bin;C:\Users\bartu\AppData\Roaming\nvm;C:\Program Files\nodejs;C:\Program Files\Redis;C:\Users\bartu\go\bin;C:\Users\bartu\AppData\Local\atom\bin;C:\Users\bartu\AppData\Roaming\npm;C:\Program Files\JetBrains\PyCharm Community Edition 2021.1.2\bin;;C:\Users\bartu\.dotnet\tools;C:\Users\bartu\AppData\Local\Microsoft\WindowsApps;;.
[20:24:27] [main/DEBUG] [FML/]: Enabling runtime deobfuscation
[20:24:27] [main/DEBUG] [FML/]: Instantiating coremod class FMLCorePlugin
[20:24:27] [main/DEBUG] [FML/]: Added access transformer class cpw.mods.fml.common.asm.transformers.AccessTransformer to enqueued access transformers
[20:24:27] [main/DEBUG] [FML/]: Enqueued coremod FMLCorePlugin
[20:24:27] [main/DEBUG] [FML/]: Instantiating coremod class FMLForgePlugin
[20:24:27] [main/DEBUG] [FML/]: Added access transformer class net.minecraftforge.transformers.ForgeAccessTransformer to enqueued access transformers
[20:24:27] [main/DEBUG] [FML/]: Enqueued coremod FMLForgePlugin
[20:24:27] [main/DEBUG] [FML/]: All fundamental core mods are successfully located
[20:24:27] [main/DEBUG] [FML/]: Attempting to load commandline specified mods, relative to C:\Users\bartu\OneDrive\Masaüstü\MC\re\.
[20:24:27] [main/DEBUG] [FML/]: Discovering coremods
[20:24:27] [main/DEBUG] [FML/]: Examining for coremod candidacy [1.7.10] SecurityCraft v1.8.13.jar
[20:24:27] [main/DEBUG] [FML/]: Not found coremod data in [1.7.10] SecurityCraft v1.8.13.jar
[20:24:27] [main/DEBUG] [FML/]: Examining for coremod candidacy [1.7.10]WailaAddonBC-1.0.5.1.jar
[20:24:27] [main/DEBUG] [FML/]: Not found coremod data in [1.7.10]WailaAddonBC-1.0.5.1.jar
[20:24:27] [main/DEBUG] [FML/]: Examining for coremod candidacy ActuallyAdditions-1.7.10-r21.jar
[20:24:27] [main/DEBUG] [FML/]: Not found coremod data in ActuallyAdditions-1.7.10-r21.jar
[20:24:27] [main/DEBUG] [FML/]: Examining for coremod candidacy AdvancedRocketry-1.7.10-1.2.2.jar
[20:24:27] [main/TRACE] [FML/]: Found FMLCorePluginContainsFMLMod marker in AdvancedRocketry-1.7.10-1.2.2.jar, it will be examined later for regular @Mod instances
[20:24:27] [main/DEBUG] [FML/]: Instantiating coremod class AdvancedRocketryPlugin
[20:24:27] [main/DEBUG] [FML/]: The coremod zmaster587.advancedRocketry.asm.AdvancedRocketryPlugin requested minecraft version 1.7.10 and minecraft is 1.7.10. It will be loaded.
[20:24:27] [main/DEBUG] [FML/]: Enqueued coremod AdvancedRocketryPlugin
[20:24:27] [main/DEBUG] [FML/]: Examining for coremod candidacy ae2stuff-0.5.0.56-mc1.7.10.jar
[20:24:27] [main/DEBUG] [FML/]: Not found coremod data in ae2stuff-0.5.0.56-mc1.7.10.jar
[20:24:27] [main/DEBUG] [FML/]: Examining for coremod candidacy AgriCraft-1.7.10-1.5.0.jar
[20:24:27] [main/DEBUG] [FML/]: Not found coremod data in AgriCraft-1.7.10-1.5.0.jar
[20:24:27] [main/DEBUG] [FML/]: Examining for coremod candidacy appliedenergistics2-rv3-beta-6.jar
[20:24:27] [main/TRACE] [FML/]: Found FMLCorePluginContainsFMLMod marker in appliedenergistics2-rv3-beta-6.jar, it will be examined later for regular @Mod instances
[20:24:27] [main/DEBUG] [FML/]: Instantiating coremod class AppEngCore
[20:24:28] [main/DEBUG] [FML/]: The coremod appeng.transformer.AppEngCore requested minecraft version 1.7.10 and minecraft is 1.7.10. It will be loaded.
[20:24:28] [main/INFO] [FML/]: [AppEng] Core Init
[20:24:28] [main/DEBUG] [FML/]: Added access transformer class appeng.transformer.asm.ASMTweaker to enqueued access transformers
[20:24:28] [main/DEBUG] [FML/]: Enqueued coremod AppEngCore
[20:24:28] [main/DEBUG] [FML/]: Examining for coremod candidacy Baubles-1.7.10-1.0.1.10.jar
[20:24:28] [main/DEBUG] [FML/]: Not found coremod data in Baubles-1.7.10-1.0.1.10.jar
[20:24:28] [main/DEBUG] [FML/]: Examining for coremod candidacy bdlib-1.9.4.109-mc1.7.10.jar
[20:24:28] [main/DEBUG] [FML/]: Not found coremod data in bdlib-1.9.4.109-mc1.7.10.jar
[20:24:28] [main/DEBUG] [FML/]: Examining for coremod candidacy BetterBuildersWands-0.8.1-1.7.10r92+aec06c3.jar
[20:24:28] [main/DEBUG] [FML/]: Not found coremod data in BetterBuildersWands-0.8.1-1.7.10r92+aec06c3.jar
[20:24:28] [main/DEBUG] [FML/]: Examining for coremod candidacy BigReactors-0.4.3A.jar
[20:24:28] [main/DEBUG] [FML/]: Not found coremod data in BigReactors-0.4.3A.jar
[20:24:28] [main/DEBUG] [FML/]: Examining for coremod candidacy BiomesOPlenty-1.7.10-2.1.0.1889-universal.jar
[20:24:28] [main/DEBUG] [FML/]: Not found coremod data in BiomesOPlenty-1.7.10-2.1.0.1889-universal.jar
[20:24:28] [main/DEBUG] [FML/]: Examining for coremod candidacy BloodMagic-1.7.10-1.3.3-17.jar
[20:24:28] [main/DEBUG] [FML/]: Not found coremod data in BloodMagic-1.7.10-1.3.3-17.jar
[20:24:28] [main/DEBUG] [FML/]: Examining for coremod candidacy Botania r1.8-249.jar
[20:24:28] [main/DEBUG] [FML/]: Not found coremod data in Botania r1.8-249.jar
[20:24:28] [main/DEBUG] [FML/]: Examining for coremod candidacy BrandonsCore-1.0.0.12.jar
[20:24:28] [main/TRACE] [FML/]: Found FMLCorePluginContainsFMLMod marker in BrandonsCore-1.0.0.12.jar, it will be examined later for regular @Mod instances
[20:24:28] [main/DEBUG] [FML/]: Instantiating coremod class LoadingPlugin
[20:24:28] [main/TRACE] [FML/]: coremod named Brandon's Core is loading
[20:24:28] [main/DEBUG] [FML/]: The coremod com.brandon3055.brandonscore.asm.LoadingPlugin requested minecraft version 1.7.10 and minecraft is 1.7.10. It will be loaded.
[20:24:28] [main/DEBUG] [FML/]: Enqueued coremod Brandon's Core
[20:24:28] [main/DEBUG] [FML/]: Examining for coremod candidacy buildcraft-7.1.23.jar
[20:24:28] [main/DEBUG] [FML/]: Not found coremod data in buildcraft-7.1.23.jar
[20:24:28] [main/DEBUG] [FML/]: Examining for coremod candidacy Carpenter's Blocks v3.3.8.2 - MC 1.7.10.jar
[20:24:28] [main/DEBUG] [FML/]: Not found coremod data in Carpenter's Blocks v3.3.8.2 - MC 1.7.10.jar
[20:24:28] [main/DEBUG] [FML/]: Examining for coremod candidacy ChestTransporter-1.7.10-2.0.6.jar
[20:24:28] [main/DEBUG] [FML/]: Not found coremod data in ChestTransporter-1.7.10-2.0.6.jar
[20:24:28] [main/DEBUG] [FML/]: Examining for coremod candidacy Chisel-2.9.5.11.jar
[20:24:28] [main/DEBUG] [FML/]: Not found coremod data in Chisel-2.9.5.11.jar
[20:24:28] [main/DEBUG] [FML/]: Examining for coremod candidacy ChocoCraftPlus-1.7.10-4.5.6.jar
[20:24:28] [main/DEBUG] [FML/]: Not found coremod data in ChocoCraftPlus-1.7.10-4.5.6.jar
[20:24:28] [main/DEBUG] [FML/]: Examining for coremod candidacy CodeChickenCore-1.7.10-1.0.7.48-universal.jar
[20:24:28] [main/TRACE] [FML/]: Adding CodeChickenCore-1.7.10-1.0.7.48-universal.jar to the list of known coremods, it will not be examined again
[20:24:28] [main/DEBUG] [FML/]: Instantiating coremod class CodeChickenCorePlugin
[20:24:29] [main/WARN] [FML/]: The coremod codechicken.core.launch.CodeChickenCorePlugin does not have a MCVersion annotation, it may cause issues with this version of Minecraft
[20:24:29] [main/INFO] [STDERR/]: [codechicken.core.launch.DepLoader$DepLoadInst:checkExisting:436]: Warning: version of ForgeMultipart, 1.2.0.345 is newer than request 1.1.2.331
[20:24:29] [main/DEBUG] [FML/]: Added access transformer class codechicken.core.asm.CodeChickenAccessTransformer to enqueued access transformers
[20:24:29] [main/DEBUG] [FML/]: Enqueued coremod CodeChickenCorePlugin
[20:24:29] [main/DEBUG] [FML/]: Examining for coremod candidacy CodeChickenLib-1.7.10-1.1.3.141-universal.jar
[20:24:29] [main/DEBUG] [FML/]: Not found coremod data in CodeChickenLib-1.7.10-1.1.3.141-universal.jar
[20:24:29] [main/DEBUG] [FML/]: Examining for coremod candidacy CoFHCore-[1.7.10]3.1.4-329.jar
[20:24:29] [main/TRACE] [FML/]: Found FMLCorePluginContainsFMLMod marker in CoFHCore-[1.7.10]3.1.4-329.jar, it will be examined later for regular @Mod instances
[20:24:29] [main/DEBUG] [FML/]: Instantiating coremod class LoadingPlugin
[20:24:29] [main/WARN] [FML/]: The coremod cofh.asm.LoadingPlugin does not have a MCVersion annotation, it may cause issues with this version of Minecraft
[20:24:29] [main/DEBUG] [FML/]: Added access transformer class cofh.asm.CoFHAccessTransformer to enqueued access transformers
[20:24:29] [main/DEBUG] [FML/]: Enqueued coremod LoadingPlugin
[20:24:29] [main/DEBUG] [FML/]: Examining for coremod candidacy CoFHLib-[1.7.10]1.2.1-185.jar
[20:24:29] [main/DEBUG] [FML/]: Not found coremod data in CoFHLib-[1.7.10]1.2.1-185.jar
[20:24:29] [main/DEBUG] [FML/]: Examining for coremod candidacy CosmeticArmorReworked-1.7.10-v6b.jar
[20:24:29] [main/DEBUG] [FML/]: Not found coremod data in CosmeticArmorReworked-1.7.10-v6b.jar
[20:24:29] [main/DEBUG] [FML/]: Examining for coremod candidacy CraftTweaker-1.7.10-3.1.0-legacy.jar
[20:24:29] [main/DEBUG] [FML/]: Not found coremod data in CraftTweaker-1.7.10-3.1.0-legacy.jar
[20:24:29] [main/DEBUG] [FML/]: Examining for coremod candidacy Draconic-Evolution-1.7.10-1.0.2h.jar
[20:24:29] [main/DEBUG] [FML/]: Not found coremod data in Draconic-Evolution-1.7.10-1.0.2h.jar
[20:24:29] [main/DEBUG] [FML/]: Examining for coremod candidacy DynamicSurroundings-1.7.10-1.0.6.4.jar
[20:24:29] [main/TRACE] [FML/]: Found FMLCorePluginContainsFMLMod marker in DynamicSurroundings-1.7.10-1.0.6.4.jar, it will be examined later for regular @Mod instances
[20:24:29] [main/DEBUG] [FML/]: Instantiating coremod class TransformLoader
[20:24:29] [main/TRACE] [FML/]: coremod named dsurroundcore is loading
[20:24:29] [main/DEBUG] [FML/]: The coremod org.blockartistry.mod.DynSurround.asm.TransformLoader requested minecraft version 1.7.10 and minecraft is 1.7.10. It will be loaded.
[20:24:29] [main/DEBUG] [FML/]: Enqueued coremod dsurroundcore
[20:24:29] [main/DEBUG] [FML/]: Examining for coremod candidacy ExtraCells-1.7.10-2.4.0.jar
[20:24:29] [main/DEBUG] [FML/]: Not found coremod data in ExtraCells-1.7.10-2.4.0.jar
[20:24:29] [main/DEBUG] [FML/]: Examining for coremod candidacy extrautilities-1.2.12.jar
[20:24:29] [main/DEBUG] [FML/]: Not found coremod data in extrautilities-1.2.12.jar
[20:24:29] [main/DEBUG] [FML/]: Examining for coremod candidacy FastLeafDecay-1.7.10-1.4.jar
[20:24:29] [main/TRACE] [FML/]: Found FMLCorePluginContainsFMLMod marker in FastLeafDecay-1.7.10-1.4.jar, it will be examined later for regular @Mod instances
[20:24:29] [main/DEBUG] [FML/]: Instantiating coremod class FldLoadingPlugin
[20:24:29] [main/DEBUG] [FML/]: The coremod com.olafski.fastleafdecay.FldLoadingPlugin requested minecraft version 1.7.10 and minecraft is 1.7.10. It will be loaded.
[20:24:29] [main/DEBUG] [FML/]: Enqueued coremod FldLoadingPlugin
[20:24:29] [main/DEBUG] [FML/]: Examining for coremod candidacy ForgeMultipart-1.7.10-1.2.0.345-universal.jar
[20:24:29] [main/TRACE] [FML/]: Found FMLCorePluginContainsFMLMod marker in ForgeMultipart-1.7.10-1.2.0.345-universal.jar, it will be examined later for regular @Mod instances
[20:24:29] [main/DEBUG] [FML/]: Instantiating coremod class DepLoader
[20:24:29] [main/WARN] [FML/]: The coremod codechicken.core.launch.DepLoader does not have a MCVersion annotation, it may cause issues with this version of Minecraft
[20:24:29] [main/DEBUG] [FML/]: Enqueued coremod DepLoader
[20:24:29] [main/DEBUG] [FML/]: Examining for coremod candidacy GraveStone Mod 0.7.10.3.jar
[20:24:29] [main/DEBUG] [FML/]: Not found coremod data in GraveStone Mod 0.7.10.3.jar
[20:24:29] [main/DEBUG] [FML/]: Examining for coremod candidacy iChunUtil-4.2.3.jar
[20:24:29] [main/DEBUG] [FML/]: Not found coremod data in iChunUtil-4.2.3.jar
[20:24:29] [main/DEBUG] [FML/]: Examining for coremod candidacy ImmersiveEngineering-0.7.7.jar
[20:24:29] [main/DEBUG] [FML/]: Not found coremod data in ImmersiveEngineering-0.7.7.jar
[20:24:29] [main/DEBUG] [FML/]: Examining for coremod candidacy immersiveintegration-0.6.8.jar
[20:24:29] [main/DEBUG] [FML/]: Not found coremod data in immersiveintegration-0.6.8.jar
[20:24:29] [main/DEBUG] [FML/]: Examining for coremod candidacy industrialcraft-2-2.2.827-experimental.jar
[20:24:29] [main/TRACE] [FML/]: Found FMLCorePluginContainsFMLMod marker in industrialcraft-2-2.2.827-experimental.jar, it will be examined later for regular @Mod instances
[20:24:29] [main/DEBUG] [FML/]: Instantiating coremod class IC2core
[20:24:29] [main/WARN] [FML/]: The coremod ic2.core.coremod.IC2core does not have a MCVersion annotation, it may cause issues with this version of Minecraft
[20:24:29] [main/DEBUG] [FML/]: Enqueued coremod IC2core
[20:24:29] [main/DEBUG] [FML/]: Examining for coremod candidacy IronBackpacks-1.7.10-1.2.20.jar
[20:24:29] [main/DEBUG] [FML/]: Not found coremod data in IronBackpacks-1.7.10-1.2.20.jar
[20:24:29] [main/DEBUG] [FML/]: Examining for coremod candidacy journeymap-1.7.10-5.1.4p2-unlimited.jar
[20:24:29] [main/DEBUG] [FML/]: Not found coremod data in journeymap-1.7.10-5.1.4p2-unlimited.jar
[20:24:29] [main/DEBUG] [FML/]: Examining for coremod candidacy JustEnoughCalculation-1.7.10-0.3.4.jar
[20:24:29] [main/DEBUG] [FML/]: Not found coremod data in JustEnoughCalculation-1.7.10-0.3.4.jar
[20:24:29] [main/DEBUG] [FML/]: Examining for coremod candidacy LibVulpes-1.7.10-0.2.8-37-universal.jar
[20:24:29] [main/DEBUG] [FML/]: Not found coremod data in LibVulpes-1.7.10-0.2.8-37-universal.jar
[20:24:29] [main/DEBUG] [FML/]: Examining for coremod candidacy Mantle-1.7.10-0.3.2b.jar
[20:24:29] [main/DEBUG] [FML/]: Not found coremod data in Mantle-1.7.10-0.3.2b.jar
[20:24:29] [main/DEBUG] [FML/]: Examining for coremod candidacy mcjtylib-1.8.1.jar
[20:24:29] [main/DEBUG] [FML/]: Not found coremod data in mcjtylib-1.8.1.jar
[20:24:29] [main/DEBUG] [FML/]: Examining for coremod candidacy Mekanism-1.7.10-9.1.1.1031.jar
[20:24:29] [main/TRACE] [FML/]: Found FMLCorePluginContainsFMLMod marker in Mekanism-1.7.10-9.1.1.1031.jar, it will be examined later for regular @Mod instances
[20:24:29] [main/DEBUG] [FML/]: Instantiating coremod class LoadingHook
[20:24:29] [main/WARN] [FML/]: The coremod mekanism.common.asm.LoadingHook does not have a MCVersion annotation, it may cause issues with this version of Minecraft
[20:24:29] [main/DEBUG] [FML/]: Enqueued coremod LoadingHook
[20:24:29] [main/DEBUG] [FML/]: Examining for coremod candidacy MekanismGenerators-1.7.10-9.1.1.1031.jar
[20:24:29] [main/DEBUG] [FML/]: Not found coremod data in MekanismGenerators-1.7.10-9.1.1.1031.jar
[20:24:29] [main/DEBUG] [FML/]: Examining for coremod candidacy MekanismTools-1.7.10-9.1.1.1031.jar
[20:24:29] [main/DEBUG] [FML/]: Not found coremod data in MekanismTools-1.7.10-9.1.1.1031.jar
[20:24:29] [main/DEBUG] [FML/]: Examining for coremod candidacy MineFactoryReloaded-[1.7.10]2.8.1-174.jar
[20:24:29] [main/DEBUG] [FML/]: Not found coremod data in MineFactoryReloaded-[1.7.10]2.8.1-174.jar
[20:24:29] [main/DEBUG] [FML/]: Examining for coremod candidacy ModTweaker2-0.9.6.jar
[20:24:29] [main/DEBUG] [FML/]: Not found coremod data in ModTweaker2-0.9.6.jar
[20:24:29] [main/DEBUG] [FML/]: Examining for coremod candidacy MoreChisels-1.7.10-1.0-28.jar
[20:24:29] [main/DEBUG] [FML/]: Not found coremod data in MoreChisels-1.7.10-1.0-28.jar
[20:24:29] [main/DEBUG] [FML/]: Examining for coremod candidacy Morpheus-1.7.10-1.6.21.jar
[20:24:29] [main/DEBUG] [FML/]: Not found coremod data in Morpheus-1.7.10-1.6.21.jar
[20:24:29] [main/DEBUG] [FML/]: Examining for coremod candidacy MrCrayfishFurnitureModv3.4.7(1.7.10).jar
[20:24:29] [main/DEBUG] [FML/]: Not found coremod data in MrCrayfishFurnitureModv3.4.7(1.7.10).jar
[20:24:29] [main/DEBUG] [FML/]: Examining for coremod candidacy neiaddons-1.12.14.40-mc1.7.10.jar
[20:24:29] [main/DEBUG] [FML/]: Not found coremod data in neiaddons-1.12.14.40-mc1.7.10.jar
[20:24:29] [main/DEBUG] [FML/]: Examining for coremod candidacy NEIIntegration-MC1.7.10-1.1.2.jar
[20:24:29] [main/DEBUG] [FML/]: Not found coremod data in NEIIntegration-MC1.7.10-1.1.2.jar
[20:24:29] [main/DEBUG] [FML/]: Examining for coremod candidacy NetherOres-[1.7.10]2.3.1-22.jar
[20:24:29] [main/DEBUG] [FML/]: Not found coremod data in NetherOres-[1.7.10]2.3.1-22.jar
[20:24:29] [main/DEBUG] [FML/]: Examining for coremod candidacy NotEnoughItems-1.7.10-1.0.5.120-universal.jar
[20:24:29] [main/TRACE] [FML/]: Adding NotEnoughItems-1.7.10-1.0.5.120-universal.jar to the list of known coremods, it will not be examined again
[20:24:29] [main/DEBUG] [FML/]: Instantiating coremod class NEICorePlugin
[20:24:29] [main/WARN] [FML/]: The coremod codechicken.nei.asm.NEICorePlugin does not have a MCVersion annotation, it may cause issues with this version of Minecraft
[20:24:29] [main/DEBUG] [FML/]: Enqueued coremod NEICorePlugin
[20:24:29] [main/DEBUG] [FML/]: Examining for coremod candidacy NotEnoughResources-1.7.10-0.1.0-122.jar
[20:24:29] [main/DEBUG] [FML/]: Not found coremod data in NotEnoughResources-1.7.10-0.1.0-122.jar
[20:24:29] [main/DEBUG] [FML/]: Examining for coremod candidacy OpenComputers-MC1.7.10-1.7.5.1290-universal.jar
[20:24:29] [main/TRACE] [FML/]: Found FMLCorePluginContainsFMLMod marker in OpenComputers-MC1.7.10-1.7.5.1290-universal.jar, it will be examined later for regular @Mod instances
[20:24:29] [main/DEBUG] [FML/]: Instantiating coremod class TransformerLoader
[20:24:29] [main/DEBUG] [FML/]: The coremod li.cil.oc.common.launch.TransformerLoader requested minecraft version 1.7.10 and minecraft is 1.7.10. It will be loaded.
[20:24:29] [main/DEBUG] [FML/]: Enqueued coremod TransformerLoader
[20:24:29] [main/DEBUG] [FML/]: Examining for coremod candidacy p455w0rdslib-1.7.10-1.0.4.jar
[20:24:29] [main/DEBUG] [FML/]: Not found coremod data in p455w0rdslib-1.7.10-1.0.4.jar
[20:24:29] [main/DEBUG] [FML/]: Examining for coremod candidacy Pam's HarvestCraft 1.7.10Lb.jar
[20:24:29] [main/DEBUG] [FML/]: Not found coremod data in Pam's HarvestCraft 1.7.10Lb.jar
[20:24:29] [main/DEBUG] [FML/]: Examining for coremod candidacy PortalGun-4.0.0-beta-6-fix-1.jar
[20:24:29] [main/DEBUG] [FML/]: Not found coremod data in PortalGun-4.0.0-beta-6-fix-1.jar
[20:24:29] [main/DEBUG] [FML/]: Examining for coremod candidacy rftools-4.23.jar
[20:24:29] [main/DEBUG] [FML/]: Not found coremod data in rftools-4.23.jar
[20:24:29] [main/DEBUG] [FML/]: Examining for coremod candidacy ServerTabInfo-1.7.10-Final-b3.jar
[20:24:29] [main/DEBUG] [FML/]: Not found coremod data in ServerTabInfo-1.7.10-Final-b3.jar
[20:24:29] [main/DEBUG] [FML/]: Examining for coremod candidacy ShetiPhianCore-1.7.10-3.0.0.jar
[20:24:29] [main/DEBUG] [FML/]: Not found coremod data in ShetiPhianCore-1.7.10-3.0.0.jar
[20:24:29] [main/DEBUG] [FML/]: Examining for coremod candidacy SimplyJetpacks-MC1.7.10-1.5.3.jar
[20:24:29] [main/DEBUG] [FML/]: Not found coremod data in SimplyJetpacks-MC1.7.10-1.5.3.jar
[20:24:29] [main/DEBUG] [FML/]: Examining for coremod candidacy TConstruct-1.7.10-1.8.8.jar
[20:24:29] [main/DEBUG] [FML/]: Not found coremod data in TConstruct-1.7.10-1.8.8.jar
[20:24:29] [main/DEBUG] [FML/]: Examining for coremod candidacy Thaumcraft-1.7.10-4.2.3.5.jar
[20:24:29] [main/TRACE] [FML/]: Found FMLCorePluginContainsFMLMod marker in Thaumcraft-1.7.10-4.2.3.5.jar, it will be examined later for regular @Mod instances
[20:24:29] [main/DEBUG] [FML/]: Instantiating coremod class DepLoader
[20:24:29] [main/WARN] [FML/]: The coremod thaumcraft.codechicken.core.launch.DepLoader does not have a MCVersion annotation, it may cause issues with this version of Minecraft
[20:24:29] [main/DEBUG] [FML/]: Enqueued coremod DepLoader
[20:24:29] [main/DEBUG] [FML/]: Examining for coremod candidacy thaumcraftneiplugin-1.7.10-1.7a.jar
[20:24:29] [main/DEBUG] [FML/]: Not found coremod data in thaumcraftneiplugin-1.7.10-1.7a.jar
[20:24:29] [main/DEBUG] [FML/]: Examining for coremod candidacy ThermalDynamics-[1.7.10]1.2.1-172.jar
[20:24:29] [main/DEBUG] [FML/]: Not found coremod data in ThermalDynamics-[1.7.10]1.2.1-172.jar
[20:24:29] [main/DEBUG] [FML/]: Examining for coremod candidacy ThermalExpansion-[1.7.10]4.1.5-248.jar
[20:24:29] [main/DEBUG] [FML/]: Not found coremod data in ThermalExpansion-[1.7.10]4.1.5-248.jar
[20:24:29] [main/DEBUG] [FML/]: Examining for coremod candidacy ThermalFoundation-[1.7.10]1.2.6-118.jar
[20:24:29] [main/DEBUG] [FML/]: Not found coremod data in ThermalFoundation-[1.7.10]1.2.6-118.jar
[20:24:29] [main/DEBUG] [FML/]: Examining for coremod candidacy Waila-1.5.10_1.7.10.jar
[20:24:29] [main/DEBUG] [FML/]: Not found coremod data in Waila-1.5.10_1.7.10.jar
[20:24:29] [main/DEBUG] [FML/]: Examining for coremod candidacy WirelessCraftingTerminal-1.7.10-rv3-1.8.7.4b.jar
[20:24:29] [main/DEBUG] [FML/]: Not found coremod data in WirelessCraftingTerminal-1.7.10-rv3-1.8.7.4b.jar
[20:24:29] [main/INFO] [LaunchWrapper/]: Loading tweak class name cpw.mods.fml.common.launcher.FMLInjectionAndSortingTweaker
[20:24:29] [main/INFO] [LaunchWrapper/]: Loading tweak class name cpw.mods.fml.common.launcher.FMLDeobfTweaker
[20:24:29] [main/INFO] [LaunchWrapper/]: Calling tweak class cpw.mods.fml.common.launcher.FMLInjectionAndSortingTweaker
[20:24:29] [main/INFO] [LaunchWrapper/]: Calling tweak class cpw.mods.fml.common.launcher.FMLInjectionAndSortingTweaker
[20:24:29] [main/INFO] [LaunchWrapper/]: Calling tweak class cpw.mods.fml.relauncher.CoreModManager$FMLPluginWrapper
[20:24:29] [main/DEBUG] [FML/]: Injecting coremod FMLCorePlugin {cpw.mods.fml.relauncher.FMLCorePlugin} class transformers
[20:24:29] [main/TRACE] [FML/]: Registering transformer cpw.mods.fml.common.asm.transformers.MarkerTransformer
[20:24:29] [main/TRACE] [FML/]: Registering transformer cpw.mods.fml.common.asm.transformers.SideTransformer
[20:24:29] [main/TRACE] [FML/]: Registering transformer cpw.mods.fml.common.asm.transformers.EventSubscriptionTransformer
[20:24:29] [main/DEBUG] [FML/]: Injection complete
[20:24:29] [main/DEBUG] [FML/]: Running coremod plugin for FMLCorePlugin {cpw.mods.fml.relauncher.FMLCorePlugin}
[20:24:29] [main/DEBUG] [FML/]: Running coremod plugin FMLCorePlugin
[20:24:30] [main/DEBUG] [FML/]: Read 527 binary patches
[20:24:30] [main/INFO] [FML/]: Found valid fingerprint for Minecraft Forge. Certificate fingerprint e3c3d50c7c986df74c645c0ac54639741c90a557
[20:24:30] [main/DEBUG] [FML/]: Coremod plugin class FMLCorePlugin run successfully
[20:24:30] [main/INFO] [LaunchWrapper/]: Calling tweak class cpw.mods.fml.relauncher.CoreModManager$FMLPluginWrapper
[20:24:30] [main/DEBUG] [FML/]: Injecting coremod FMLForgePlugin {net.minecraftforge.classloading.FMLForgePlugin} class transformers
[20:24:30] [main/TRACE] [FML/]: Registering transformer net.minecraftforge.classloading.FluidIdTransformer
[20:24:30] [main/DEBUG] [FML/]: Injection complete
[20:24:30] [main/DEBUG] [FML/]: Running coremod plugin for FMLForgePlugin {net.minecraftforge.classloading.FMLForgePlugin}
[20:24:30] [main/DEBUG] [FML/]: Running coremod plugin FMLForgePlugin
[20:24:30] [main/DEBUG] [FML/]: Coremod plugin class FMLForgePlugin run successfully
[20:24:30] [main/INFO] [LaunchWrapper/]: Calling tweak class cpw.mods.fml.relauncher.CoreModManager$FMLPluginWrapper
[20:24:30] [main/DEBUG] [FML/]: Injecting coremod CCCDeobfPlugin {codechicken.core.asm.MCPDeobfuscationTransformer$LoadPlugin} class transformers
[20:24:30] [main/DEBUG] [FML/]: Injection complete
[20:24:30] [main/DEBUG] [FML/]: Running coremod plugin for CCCDeobfPlugin {codechicken.core.asm.MCPDeobfuscationTransformer$LoadPlugin}
[20:24:30] [main/DEBUG] [FML/]: Running coremod plugin CCCDeobfPlugin
[20:24:30] [main/DEBUG] [FML/]: Coremod plugin class LoadPlugin run successfully
[20:24:30] [main/INFO] [LaunchWrapper/]: Calling tweak class cpw.mods.fml.relauncher.CoreModManager$FMLPluginWrapper
[20:24:30] [main/DEBUG] [FML/]: Injecting coremod AdvancedRocketryPlugin {zmaster587.advancedRocketry.asm.AdvancedRocketryPlugin} class transformers
[20:24:30] [main/TRACE] [FML/]: Registering transformer zmaster587.advancedRocketry.asm.ClassTransformer
[20:24:30] [main/DEBUG] [FML/]: Injection complete
[20:24:30] [main/DEBUG] [FML/]: Running coremod plugin for AdvancedRocketryPlugin {zmaster587.advancedRocketry.asm.AdvancedRocketryPlugin}
[20:24:30] [main/DEBUG] [FML/]: Running coremod plugin AdvancedRocketryPlugin
[20:24:30] [main/DEBUG] [FML/]: Coremod plugin class AdvancedRocketryPlugin run successfully
[20:24:30] [main/INFO] [LaunchWrapper/]: Calling tweak class cpw.mods.fml.relauncher.CoreModManager$FMLPluginWrapper
[20:24:30] [main/DEBUG] [FML/]: Injecting coremod AppEngCore {appeng.transformer.AppEngCore} class transformers
[20:24:30] [main/TRACE] [FML/]: Registering transformer appeng.transformer.asm.ASMIntegration
[20:24:30] [main/DEBUG] [FML/]: Injection complete
[20:24:30] [main/DEBUG] [FML/]: Running coremod plugin for AppEngCore {appeng.transformer.AppEngCore}
[20:24:30] [main/DEBUG] [FML/]: Running coremod plugin AppEngCore
[20:24:30] [main/DEBUG] [FML/]: Coremod plugin class AppEngCore run successfully
[20:24:30] [main/INFO] [LaunchWrapper/]: Calling tweak class cpw.mods.fml.relauncher.CoreModManager$FMLPluginWrapper
[20:24:30] [main/DEBUG] [FML/]: Injecting coremod CodeChickenCorePlugin {codechicken.core.launch.CodeChickenCorePlugin} class transformers
[20:24:30] [main/TRACE] [FML/]: Registering transformer codechicken.lib.asm.ClassHeirachyManager
[20:24:30] [main/TRACE] [FML/]: Registering transformer codechicken.core.asm.InterfaceDependancyTransformer
[20:24:30] [main/TRACE] [FML/]: Registering transformer codechicken.core.asm.TweakTransformer
[20:24:30] [main/TRACE] [FML/]: Registering transformer codechicken.core.asm.DelegatedTransformer
[20:24:30] [main/TRACE] [FML/]: Registering transformer codechicken.core.asm.DefaultImplementationTransformer
[20:24:30] [main/DEBUG] [FML/]: Injection complete
[20:24:30] [main/DEBUG] [FML/]: Running coremod plugin for CodeChickenCorePlugin {codechicken.core.launch.CodeChickenCorePlugin}
[20:24:30] [main/DEBUG] [FML/]: Running coremod plugin CodeChickenCorePlugin
[20:24:30] [main/DEBUG] [FML/]: Coremod plugin class CodeChickenCorePlugin run successfully
[20:24:30] [main/INFO] [LaunchWrapper/]: Calling tweak class cpw.mods.fml.relauncher.CoreModManager$FMLPluginWrapper
[20:24:30] [main/DEBUG] [FML/]: Injecting coremod DepLoader {codechicken.core.launch.DepLoader} class transformers
[20:24:30] [main/DEBUG] [FML/]: Injection complete
[20:24:30] [main/DEBUG] [FML/]: Running coremod plugin for DepLoader {codechicken.core.launch.DepLoader}
[20:24:30] [main/DEBUG] [FML/]: Running coremod plugin DepLoader
[20:24:30] [main/DEBUG] [FML/]: Coremod plugin class DepLoader run successfully
[20:24:30] [main/INFO] [LaunchWrapper/]: Calling tweak class cpw.mods.fml.relauncher.CoreModManager$FMLPluginWrapper
[20:24:30] [main/DEBUG] [FML/]: Injecting coremod IC2core {ic2.core.coremod.IC2core} class transformers
[20:24:30] [main/DEBUG] [FML/]: Injection complete
[20:24:30] [main/DEBUG] [FML/]: Running coremod plugin for IC2core {ic2.core.coremod.IC2core}
[20:24:30] [main/DEBUG] [FML/]: Running coremod plugin IC2core
[20:24:30] [main/INFO] [IC2-core/]: Loaded library EJML-core-0.26.jar.
[20:24:30] [main/DEBUG] [FML/]: Coremod plugin class IC2core run successfully
[20:24:30] [main/INFO] [LaunchWrapper/]: Calling tweak class cpw.mods.fml.relauncher.CoreModManager$FMLPluginWrapper
[20:24:30] [main/DEBUG] [FML/]: Injecting coremod LoadingHook {mekanism.common.asm.LoadingHook} class transformers
[20:24:30] [main/DEBUG] [FML/]: Injection complete
[20:24:30] [main/DEBUG] [FML/]: Running coremod plugin for LoadingHook {mekanism.common.asm.LoadingHook}
[20:24:30] [main/DEBUG] [FML/]: Running coremod plugin LoadingHook
[20:24:30] [main/DEBUG] [FML/]: Coremod plugin class LoadingHook run successfully
[20:24:30] [main/INFO] [LaunchWrapper/]: Calling tweak class cpw.mods.fml.relauncher.CoreModManager$FMLPluginWrapper
[20:24:30] [main/DEBUG] [FML/]: Injecting coremod NEICorePlugin {codechicken.nei.asm.NEICorePlugin} class transformers
[20:24:30] [main/TRACE] [FML/]: Registering transformer codechicken.nei.asm.NEITransformer
[20:24:30] [main/DEBUG] [FML/]: Injection complete
[20:24:30] [main/DEBUG] [FML/]: Running coremod plugin for NEICorePlugin {codechicken.nei.asm.NEICorePlugin}
[20:24:30] [main/DEBUG] [FML/]: Running coremod plugin NEICorePlugin
[20:24:30] [main/DEBUG] [FML/]: Coremod plugin class NEICorePlugin run successfully
[20:24:30] [main/INFO] [LaunchWrapper/]: Calling tweak class cpw.mods.fml.relauncher.CoreModManager$FMLPluginWrapper
[20:24:30] [main/DEBUG] [FML/]: Injecting coremod TransformerLoader {li.cil.oc.common.launch.TransformerLoader} class transformers
[20:24:30] [main/TRACE] [FML/]: Registering transformer li.cil.oc.common.asm.ClassTransformer
[20:24:30] [main/DEBUG] [FML/]: Injection complete
[20:24:30] [main/DEBUG] [FML/]: Running coremod plugin for TransformerLoader {li.cil.oc.common.launch.TransformerLoader}
[20:24:30] [main/DEBUG] [FML/]: Running coremod plugin TransformerLoader
[20:24:30] [main/DEBUG] [FML/]: Coremod plugin class TransformerLoader run successfully
[20:24:30] [main/INFO] [LaunchWrapper/]: Calling tweak class cpw.mods.fml.relauncher.CoreModManager$FMLPluginWrapper
[20:24:30] [main/DEBUG] [FML/]: Injecting coremod DepLoader {thaumcraft.codechicken.core.launch.DepLoader} class transformers
[20:24:30] [main/DEBUG] [FML/]: Injection complete
[20:24:30] [main/DEBUG] [FML/]: Running coremod plugin for DepLoader {thaumcraft.codechicken.core.launch.DepLoader}
[20:24:30] [main/DEBUG] [FML/]: Running coremod plugin DepLoader
[20:24:31] [main/INFO] [STDERR/]: [thaumcraft.codechicken.core.launch.DepLoader$DepLoadInst:checkExisting:459]: Warning: version of ForgeMultipart, 1.2.0.345 is newer than request 1.1.2.331
[20:24:31] [main/DEBUG] [FML/]: Coremod plugin class DepLoader run successfully
[20:24:31] [main/INFO] [LaunchWrapper/]: Calling tweak class cpw.mods.fml.common.launcher.FMLDeobfTweaker
[20:24:31] [main/DEBUG] [FML/]: Loaded 57 rules from AccessTransformer config file fml_at.cfg
[20:24:31] [main/DEBUG] [FML/]: Loaded 89 rules from AccessTransformer config file forge_at.cfg
[20:24:31] [main/DEBUG] [FML/]: Loaded 57 rules from AccessTransformer config file fml_at.cfg
[20:24:31] [main/DEBUG] [FML/]: Loaded 4 rules from AccessTransformer mod jar file C:\Users\bartu\OneDrive\Masaüstü\MC\re\mods\Chisel-2.9.5.11.jar!META-INF/chisel_compile_at.cfg

[20:24:31] [main/DEBUG] [FML/]: Loaded 8 rules from AccessTransformer mod jar file C:\Users\bartu\OneDrive\Masaüstü\MC\re\mods\ImmersiveEngineering-0.7.7.jar!META-INF/ImmersiveEngineering_at.cfg

[20:24:31] [main/DEBUG] [FML/]: Loaded 6 rules from AccessTransformer mod jar file C:\Users\bartu\OneDrive\Masaüstü\MC\re\mods\ThermalDynamics-[1.7.10]1.2.1-172.jar!META-INF/tdynamics_at.cfg

[20:24:31] [main/DEBUG] [FML/]: Loaded 60 rules from AccessTransformer mod jar file C:\Users\bartu\OneDrive\Masaüstü\MC\re\mods\iChunUtil-4.2.3.jar!META-INF/iChunUtil_at.cfg

[20:24:31] [main/DEBUG] [FML/]: Loaded 11 rules from AccessTransformer mod jar file C:\Users\bartu\OneDrive\Masaüstü\MC\re\mods\NotEnoughItems-1.7.10-1.0.5.120-universal.jar!META-INF/nei_at.cfg

[20:24:31] [main/DEBUG] [FML/]: Loaded 5 rules from AccessTransformer mod jar file C:\Users\bartu\OneDrive\Masaüstü\MC\re\mods\SimplyJetpacks-MC1.7.10-1.5.3.jar!META-INF/simplyjetpacks_at.cfg

[20:24:31] [main/DEBUG] [FML/]: Loaded 31 rules from AccessTransformer mod jar file C:\Users\bartu\OneDrive\Masaüstü\MC\re\mods\TConstruct-1.7.10-1.8.8.jar!META-INF/TConstruct_at.cfg

[20:24:31] [main/DEBUG] [FML/]: Loaded 8 rules from AccessTransformer mod jar file C:\Users\bartu\OneDrive\Masaüstü\MC\re\mods\OpenComputers-MC1.7.10-1.7.5.1290-universal.jar!META-INF/oc_at.cfg

[20:24:31] [main/DEBUG] [FML/]: Loaded 23 rules from AccessTransformer mod jar file C:\Users\bartu\OneDrive\Masaüstü\MC\re\mods\DynamicSurroundings-1.7.10-1.0.6.4.jar!META-INF/dsurround_at.cfg

[20:24:31] [main/DEBUG] [FML/]: Validating minecraft
[20:24:32] [main/DEBUG] [FML/]: Minecraft validated, launching...
[20:24:32] [main/INFO] [LaunchWrapper/]: Calling tweak class cpw.mods.fml.relauncher.CoreModManager$FMLPluginWrapper
[20:24:32] [main/DEBUG] [FML/]: Injecting coremod Brandon's Core {com.brandon3055.brandonscore.asm.LoadingPlugin} class transformers
[20:24:32] [main/TRACE] [FML/]: Registering transformer com.brandon3055.brandonscore.asm.ClassTransformer
[20:24:32] [main/DEBUG] [FML/]: Injection complete
[20:24:32] [main/DEBUG] [FML/]: Running coremod plugin for Brandon's Core {com.brandon3055.brandonscore.asm.LoadingPlugin}
[20:24:32] [main/DEBUG] [FML/]: Running coremod plugin Brandon's Core
[20:24:32] [main/DEBUG] [FML/]: Coremod plugin class LoadingPlugin run successfully
[20:24:32] [main/INFO] [LaunchWrapper/]: Calling tweak class cpw.mods.fml.relauncher.CoreModManager$FMLPluginWrapper
[20:24:32] [main/DEBUG] [FML/]: Injecting coremod LoadingPlugin {cofh.asm.LoadingPlugin} class transformers
[20:24:32] [main/TRACE] [FML/]: Registering transformer cofh.asm.CoFHClassTransformer
[20:24:32] [main/DEBUG] [FML/]: Injection complete
[20:24:32] [main/DEBUG] [FML/]: Running coremod plugin for LoadingPlugin {cofh.asm.LoadingPlugin}
[20:24:32] [main/DEBUG] [FML/]: Running coremod plugin LoadingPlugin
[20:24:32] [main/DEBUG] [CoFHASM/]: Adding CoFHAT: CoFHLib_at.cfg from: CoFHLib-[1.7.10]1.2.1-185.jar
[20:24:32] [main/DEBUG] [CoFHASM/]: Adding CoFHAT: MFR_at.cfg from: MineFactoryReloaded-[1.7.10]2.8.1-174.jar
[20:24:32] [main/DEBUG] [FML/]: Coremod plugin class LoadingPlugin run successfully
[20:24:32] [main/INFO] [LaunchWrapper/]: Calling tweak class cpw.mods.fml.relauncher.CoreModManager$FMLPluginWrapper
[20:24:32] [main/DEBUG] [FML/]: Injecting coremod FldLoadingPlugin {com.olafski.fastleafdecay.FldLoadingPlugin} class transformers
[20:24:32] [main/TRACE] [FML/]: Registering transformer com.olafski.fastleafdecay.FldTransformer
[20:24:32] [main/DEBUG] [FML/]: Injection complete
[20:24:32] [main/DEBUG] [FML/]: Running coremod plugin for FldLoadingPlugin {com.olafski.fastleafdecay.FldLoadingPlugin}
[20:24:32] [main/DEBUG] [FML/]: Running coremod plugin FldLoadingPlugin
[20:24:32] [main/DEBUG] [FML/]: Coremod plugin class FldLoadingPlugin run successfully
[20:24:32] [main/INFO] [LaunchWrapper/]: Calling tweak class cpw.mods.fml.relauncher.CoreModManager$FMLPluginWrapper
[20:24:32] [main/DEBUG] [FML/]: Injecting coremod dsurroundcore {org.blockartistry.mod.DynSurround.asm.TransformLoader} class transformers
[20:24:32] [main/TRACE] [FML/]: Registering transformer org.blockartistry.mod.DynSurround.asm.Transformer
[20:24:32] [main/DEBUG] [FML/]: Injection complete
[20:24:32] [main/DEBUG] [FML/]: Running coremod plugin for dsurroundcore {org.blockartistry.mod.DynSurround.asm.TransformLoader}
[20:24:32] [main/DEBUG] [FML/]: Running coremod plugin dsurroundcore
[20:24:32] [main/DEBUG] [FML/]: Coremod plugin class TransformLoader run successfully
[20:24:32] [main/INFO] [LaunchWrapper/]: Loading tweak class name cpw.mods.fml.common.launcher.TerminalTweaker
[20:24:32] [main/INFO] [LaunchWrapper/]: Calling tweak class cpw.mods.fml.common.launcher.TerminalTweaker
[20:24:32] [main/INFO] [dsurround Transform/]: Transmorgrifying [net.minecraft.world.World]: updateWeatherBody
[20:24:32] [main/INFO] [dsurround Transform/]: Transmorgrified [net.minecraft.world.World]: updateWeatherBody
[20:24:32] [main/INFO] [dsurround Transform/]: Transmorgrifying [net.minecraft.world.WorldServer]: resetRainAndThunder
[20:24:32] [main/INFO] [dsurround Transform/]: func_73051_P()V: Found!
[20:24:32] [main/INFO] [dsurround Transform/]: Transmorgrified [net.minecraft.world.WorldServer]: resetRainAndThunder
[20:24:32] [main/INFO] [LaunchWrapper/]: Launching wrapped minecraft {net.minecraft.server.MinecraftServer}
[20:24:32] [main/DEBUG] [CCL ASM/]: Writing method [aji.canBeReplacedByLeaves(Lahl;III)Z]
[20:24:33] [main/INFO] [FastLeafDecay/]: Patching leaves.
[20:24:33] [main/INFO] [FastLeafDecay/]: Found leaf Class: net/minecraft/block/BlockLeavesBase
[20:24:33] [main/INFO] [OpenComputers/]: Successfully patched sw.recreateLeash.
[20:24:33] [main/DEBUG] [CCL ASM/]: Injecting before method [dh.toString()Ljava/lang/String;] @ 51 - 55
[20:24:33] [main/DEBUG] [CCL ASM/]: Injecting before method [dq.toString()Ljava/lang/String;] @ 56 - 60
[20:24:35] [main/WARN] [FML/]: =============================================================
[20:24:35] [main/WARN] [FML/]: MOD HAS DIRECT REFERENCE System.exit() THIS IS NOT ALLOWED REROUTING TO FML!
[20:24:35] [main/WARN] [FML/]: Offendor: net/minecraft/server/gui/MinecraftServerGui$1.windowClosing(Ljava/awt/event/WindowEvent;)V
[20:24:35] [main/WARN] [FML/]: Use FMLCommonHandler.exitJava instead
[20:24:35] [main/WARN] [FML/]: =============================================================
[20:24:35] [Server thread/INFO] [MinecraftForge/]: Attempting early MinecraftForge initialization
[20:24:35] [Server thread/INFO] [FML/]: MinecraftForge v10.13.4.1614 Initialized
[20:24:36] [Server thread/INFO] [FML/]: Replaced 183 ore recipies
[20:24:36] [Server thread/INFO] [MinecraftForge/]: Completed early MinecraftForge initialization
[20:24:36] [Server thread/DEBUG] [FML/]: File C:\Users\bartu\OneDrive\Masaüstü\MC\re\config\injectedDependencies.json not found. No dependencies injected
[20:24:36] [Server thread/DEBUG] [FML/]: Building injected Mod Containers [cpw.mods.fml.common.FMLContainer, net.minecraftforge.common.ForgeModContainer, zmaster587.advancedRocketry.asm.ModContainer, appeng.transformer.AppEngCore, codechicken.core.asm.CodeChickenCoreModContainer, codechicken.nei.NEIModContainer, li.cil.oc.common.launch.CoreModContainer, cofh.asm.LoadingPlugin$CoFHDummyContainer]
[20:24:36] [Server thread/INFO] [STDOUT/]: [zmaster587.advancedRocketry.asm.ModContainer:<init>:23]: ********* CoreDummyContainer. OK
[20:24:36] [Server thread/INFO] [FML/]: [AppEng] Core Init
[20:24:36] [Server thread/DEBUG] [FML/]: Attempting to load mods contained in the minecraft jar file and associated classes
[20:24:36] [Server thread/DEBUG] [FML/]: Found a minecraft related file at C:\Users\bartu\OneDrive\Masaüstü\MC\re\pack.jar, examining for mod candidates
[20:24:36] [Server thread/TRACE] [FML/]: Skipping known library file C:\Users\bartu\OneDrive\Masaüstü\MC\re\mods\AdvancedRocketry-1.7.10-1.2.2.jar
[20:24:36] [Server thread/TRACE] [FML/]: Skipping known library file C:\Users\bartu\OneDrive\Masaüstü\MC\re\mods\appliedenergistics2-rv3-beta-6.jar
[20:24:36] [Server thread/TRACE] [FML/]: Skipping known library file C:\Users\bartu\OneDrive\Masaüstü\MC\re\mods\BrandonsCore-1.0.0.12.jar
[20:24:36] [Server thread/TRACE] [FML/]: Skipping known library file C:\Users\bartu\OneDrive\Masaüstü\MC\re\mods\CodeChickenCore-1.7.10-1.0.7.48-universal.jar
[20:24:36] [Server thread/DEBUG] [FML/]: Found a minecraft related file at C:\Users\bartu\OneDrive\Masaüstü\MC\re\.\mods\1.7.10\CodeChickenLib-1.7.10-1.1.3.141-universal.jar, examining for mod candidates
[20:24:36] [Server thread/TRACE] [FML/]: Skipping known library file C:\Users\bartu\OneDrive\Masaüstü\MC\re\mods\CoFHCore-[1.7.10]3.1.4-329.jar
[20:24:36] [Server thread/TRACE] [FML/]: Skipping known library file C:\Users\bartu\OneDrive\Masaüstü\MC\re\mods\DynamicSurroundings-1.7.10-1.0.6.4.jar
[20:24:36] [Server thread/TRACE] [FML/]: Skipping known library file C:\Users\bartu\OneDrive\Masaüstü\MC\re\mods\FastLeafDecay-1.7.10-1.4.jar
[20:24:36] [Server thread/TRACE] [FML/]: Skipping known library file C:\Users\bartu\OneDrive\Masaüstü\MC\re\mods\1.7.10\ForgeMultipart-1.7.10-1.2.0.345-universal.jar
[20:24:36] [Server thread/TRACE] [FML/]: Skipping known library file C:\Users\bartu\OneDrive\Masaüstü\MC\re\mods\industrialcraft-2-2.2.827-experimental.jar
[20:24:36] [Server thread/TRACE] [FML/]: Skipping known library file C:\Users\bartu\OneDrive\Masaüstü\MC\re\mods\Mekanism-1.7.10-9.1.1.1031.jar
[20:24:36] [Server thread/TRACE] [FML/]: Skipping known library file C:\Users\bartu\OneDrive\Masaüstü\MC\re\mods\NotEnoughItems-1.7.10-1.0.5.120-universal.jar
[20:24:36] [Server thread/TRACE] [FML/]: Skipping known library file C:\Users\bartu\OneDrive\Masaüstü\MC\re\mods\OpenComputers-MC1.7.10-1.7.5.1290-universal.jar
[20:24:36] [Server thread/TRACE] [FML/]: Skipping known library file C:\Users\bartu\OneDrive\Masaüstü\MC\re\mods\Thaumcraft-1.7.10-4.2.3.5.jar
[20:24:36] [Server thread/DEBUG] [FML/]: Found a minecraft related file at C:\Users\bartu\OneDrive\Masaüstü\MC\re\.\mods\ic2\EJML-core-0.26.jar, examining for mod candidates
[20:24:36] [Server thread/DEBUG] [FML/]: Minecraft jar mods loaded successfully
[20:24:36] [Server thread/INFO] [FML/]: Found 0 mods from the command line. Injecting into mod discoverer
[20:24:36] [Server thread/INFO] [FML/]: Searching C:\Users\bartu\OneDrive\Masaüstü\MC\re\mods for mods
[20:24:36] [Server thread/DEBUG] [FML/]: Found a candidate mod directory 1.7.10
[20:24:36] [Server thread/DEBUG] [FML/]: Found a candidate zip or jar file [1.7.10] SecurityCraft v1.8.13.jar
[20:24:36] [Server thread/DEBUG] [FML/]: Found a candidate zip or jar file [1.7.10]WailaAddonBC-1.0.5.1.jar
[20:24:36] [Server thread/DEBUG] [FML/]: Found a candidate zip or jar file ActuallyAdditions-1.7.10-r21.jar
[20:24:36] [Server thread/DEBUG] [FML/]: Found a candidate zip or jar file AdvancedRocketry-1.7.10-1.2.2.jar
[20:24:36] [Server thread/DEBUG] [FML/]: Found a candidate zip or jar file ae2stuff-0.5.0.56-mc1.7.10.jar
[20:24:36] [Server thread/DEBUG] [FML/]: Found a candidate zip or jar file AgriCraft-1.7.10-1.5.0.jar
[20:24:36] [Server thread/DEBUG] [FML/]: Found a candidate zip or jar file appliedenergistics2-rv3-beta-6.jar
[20:24:36] [Server thread/DEBUG] [FML/]: Found a candidate zip or jar file bdlib-1.9.4.109-mc1.7.10.jar
[20:24:36] [Server thread/DEBUG] [FML/]: Found a candidate zip or jar file BetterBuildersWands-0.8.1-1.7.10r92+aec06c3.jar
[20:24:36] [Server thread/DEBUG] [FML/]: Found a candidate zip or jar file BigReactors-0.4.3A.jar
[20:24:36] [Server thread/DEBUG] [FML/]: Found a candidate zip or jar file BiomesOPlenty-1.7.10-2.1.0.1889-universal.jar
[20:24:36] [Server thread/DEBUG] [FML/]: Found a candidate zip or jar file BloodMagic-1.7.10-1.3.3-17.jar
[20:24:36] [Server thread/DEBUG] [FML/]: Found a candidate zip or jar file Botania r1.8-249.jar
[20:24:36] [Server thread/DEBUG] [FML/]: Found a candidate zip or jar file BrandonsCore-1.0.0.12.jar
[20:24:36] [Server thread/DEBUG] [FML/]: Found a candidate zip or jar file buildcraft-7.1.23.jar
[20:24:36] [Server thread/DEBUG] [FML/]: Found a candidate zip or jar file Carpenter's Blocks v3.3.8.2 - MC 1.7.10.jar
[20:24:36] [Server thread/DEBUG] [FML/]: Found a candidate mod directory carpentersblocks
[20:24:36] [Server thread/DEBUG] [FML/]: Found a candidate zip or jar file ChestTransporter-1.7.10-2.0.6.jar
[20:24:36] [Server thread/DEBUG] [FML/]: Found a candidate zip or jar file Chisel-2.9.5.11.jar
[20:24:36] [Server thread/DEBUG] [FML/]: Found a candidate zip or jar file ChocoCraftPlus-1.7.10-4.5.6.jar
[20:24:36] [Server thread/TRACE] [FML/]: Skipping already parsed coremod or tweaker CodeChickenCore-1.7.10-1.0.7.48-universal.jar
[20:24:36] [Server thread/DEBUG] [FML/]: Found a candidate zip or jar file CoFHCore-[1.7.10]3.1.4-329.jar
[20:24:36] [Server thread/DEBUG] [FML/]: Found a candidate zip or jar file CoFHLib-[1.7.10]1.2.1-185.jar
[20:24:36] [Server thread/DEBUG] [FML/]: Found a candidate zip or jar file CosmeticArmorReworked-1.7.10-v6b.jar
[20:24:36] [Server thread/DEBUG] [FML/]: Found a candidate zip or jar file CraftTweaker-1.7.10-3.1.0-legacy.jar
[20:24:36] [Server thread/DEBUG] [FML/]: Found a candidate zip or jar file Draconic-Evolution-1.7.10-1.0.2h.jar
[20:24:36] [Server thread/DEBUG] [FML/]: Found a candidate zip or jar file DynamicSurroundings-1.7.10-1.0.6.4.jar
[20:24:36] [Server thread/DEBUG] [FML/]: Found a candidate zip or jar file ExtraCells-1.7.10-2.4.0.jar
[20:24:36] [Server thread/DEBUG] [FML/]: Found a candidate zip or jar file extrautilities-1.2.12.jar
[20:24:36] [Server thread/DEBUG] [FML/]: Found a candidate zip or jar file FastLeafDecay-1.7.10-1.4.jar
[20:24:36] [Server thread/DEBUG] [FML/]: Found a candidate zip or jar file GraveStone Mod 0.7.10.3.jar
[20:24:36] [Server thread/DEBUG] [FML/]: Found a candidate mod directory ic2
[20:24:36] [Server thread/DEBUG] [FML/]: Found a candidate zip or jar file iChunUtil-4.2.3.jar
[20:24:36] [Server thread/DEBUG] [FML/]: Found a candidate zip or jar file ImmersiveEngineering-0.7.7.jar
[20:24:36] [Server thread/DEBUG] [FML/]: Found a candidate zip or jar file immersiveintegration-0.6.8.jar
[20:24:36] [Server thread/DEBUG] [FML/]: Found a candidate zip or jar file industrialcraft-2-2.2.827-experimental.jar
[20:24:36] [Server thread/DEBUG] [FML/]: Found a candidate zip or jar file IronBackpacks-1.7.10-1.2.20.jar
[20:24:36] [Server thread/DEBUG] [FML/]: Found a candidate zip or jar file journeymap-1.7.10-5.1.4p2-unlimited.jar
[20:24:36] [Server thread/DEBUG] [FML/]: Found a candidate zip or jar file JustEnoughCalculation-1.7.10-0.3.4.jar
[20:24:36] [Server thread/DEBUG] [FML/]: Found a candidate zip or jar file LibVulpes-1.7.10-0.2.8-37-universal.jar
[20:24:36] [Server thread/DEBUG] [FML/]: Found a candidate zip or jar file Mantle-1.7.10-0.3.2b.jar
[20:24:36] [Server thread/DEBUG] [FML/]: Found a candidate zip or jar file mcjtylib-1.8.1.jar
[20:24:36] [Server thread/DEBUG] [FML/]: Found a candidate zip or jar file Mekanism-1.7.10-9.1.1.1031.jar
[20:24:36] [Server thread/DEBUG] [FML/]: Found a candidate zip or jar file MekanismGenerators-1.7.10-9.1.1.1031.jar
[20:24:36] [Server thread/DEBUG] [FML/]: Found a candidate zip or jar file MekanismTools-1.7.10-9.1.1.1031.jar
[20:24:36] [Server thread/DEBUG] [FML/]: Found a candidate zip or jar file MineFactoryReloaded-[1.7.10]2.8.1-174.jar
[20:24:36] [Server thread/DEBUG] [FML/]: Found a candidate zip or jar file ModTweaker2-0.9.6.jar
[20:24:36] [Server thread/DEBUG] [FML/]: Found a candidate zip or jar file MoreChisels-1.7.10-1.0-28.jar
[20:24:36] [Server thread/DEBUG] [FML/]: Found a candidate zip or jar file Morpheus-1.7.10-1.6.21.jar
[20:24:36] [Server thread/DEBUG] [FML/]: Found a candidate zip or jar file MrCrayfishFurnitureModv3.4.7(1.7.10).jar
[20:24:36] [Server thread/DEBUG] [FML/]: Found a candidate zip or jar file neiaddons-1.12.14.40-mc1.7.10.jar
[20:24:36] [Server thread/DEBUG] [FML/]: Found a candidate zip or jar file NEIIntegration-MC1.7.10-1.1.2.jar
[20:24:36] [Server thread/DEBUG] [FML/]: Found a candidate zip or jar file NetherOres-[1.7.10]2.3.1-22.jar
[20:24:36] [Server thread/TRACE] [FML/]: Skipping already parsed coremod or tweaker NotEnoughItems-1.7.10-1.0.5.120-universal.jar
[20:24:36] [Server thread/DEBUG] [FML/]: Found a candidate zip or jar file NotEnoughResources-1.7.10-0.1.0-122.jar
[20:24:36] [Server thread/DEBUG] [FML/]: Found a candidate zip or jar file OpenComputers-MC1.7.10-1.7.5.1290-universal.jar
[20:24:36] [Server thread/DEBUG] [FML/]: Found a candidate zip or jar file p455w0rdslib-1.7.10-1.0.4.jar
[20:24:36] [Server thread/DEBUG] [FML/]: Found a candidate zip or jar file Pam's HarvestCraft 1.7.10Lb.jar
[20:24:36] [Server thread/DEBUG] [FML/]: Found a candidate zip or jar file PortalGun-4.0.0-beta-6-fix-1.jar
[20:24:36] [Server thread/DEBUG] [FML/]: Found a candidate zip or jar file rftools-4.23.jar
[20:24:36] [Server thread/DEBUG] [FML/]: Found a candidate zip or jar file ServerTabInfo-1.7.10-Final-b3.jar
[20:24:36] [Server thread/DEBUG] [FML/]: Found a candidate zip or jar file ShetiPhianCore-1.7.10-3.0.0.jar
[20:24:36] [Server thread/DEBUG] [FML/]: Found a candidate zip or jar file SimplyJetpacks-MC1.7.10-1.5.3.jar
[20:24:36] [Server thread/DEBUG] [FML/]: Found a candidate zip or jar file TConstruct-1.7.10-1.8.8.jar
[20:24:36] [Server thread/DEBUG] [FML/]: Found a candidate zip or jar file Thaumcraft-1.7.10-4.2.3.5.jar
[20:24:36] [Server thread/DEBUG] [FML/]: Found a candidate zip or jar file thaumcraftneiplugin-1.7.10-1.7a.jar
[20:24:36] [Server thread/DEBUG] [FML/]: Found a candidate zip or jar file ThermalDynamics-[1.7.10]1.2.1-172.jar
[20:24:36] [Server thread/DEBUG] [FML/]: Found a candidate zip or jar file ThermalExpansion-[1.7.10]4.1.5-248.jar
[20:24:36] [Server thread/DEBUG] [FML/]: Found a candidate zip or jar file ThermalFoundation-[1.7.10]1.2.6-118.jar
[20:24:36] [Server thread/DEBUG] [FML/]: Found a candidate zip or jar file Waila-1.5.10_1.7.10.jar
[20:24:36] [Server thread/DEBUG] [FML/]: Found a candidate zip or jar file WirelessCraftingTerminal-1.7.10-rv3-1.8.7.4b.jar
[20:24:36] [Server thread/INFO] [FML/]: Also searching C:\Users\bartu\OneDrive\Masaüstü\MC\re\mods\1.7.10 for mods
[20:24:36] [Server thread/DEBUG] [FML/]: Found a candidate zip or jar file Baubles-1.7.10-1.0.1.10.jar
[20:24:36] [Server thread/DEBUG] [FML/]: Found a candidate zip or jar file CodeChickenLib-1.7.10-1.1.3.141-universal.jar
[20:24:36] [Server thread/DEBUG] [FML/]: Found a candidate zip or jar file ForgeMultipart-1.7.10-1.2.0.345-universal.jar
[20:24:36] [Server thread/DEBUG] [FML/]: Examining file pack.jar for potential mods
[20:24:36] [Server thread/DEBUG] [FML/]: The mod container pack.jar appears to be missing an mcmod.info file
[20:24:37] [Server thread/DEBUG] [FML/]: Examining file CodeChickenLib-1.7.10-1.1.3.141-universal.jar for potential mods
[20:24:37] [Server thread/DEBUG] [FML/]: The mod container CodeChickenLib-1.7.10-1.1.3.141-universal.jar appears to be missing an mcmod.info file
[20:24:37] [Server thread/DEBUG] [FML/]: Examining file EJML-core-0.26.jar for potential mods
[20:24:37] [Server thread/DEBUG] [FML/]: The mod container EJML-core-0.26.jar appears to be missing an mcmod.info file
[20:24:37] [Server thread/DEBUG] [FML/]: Examining directory 1.7.10 for potential mods
[20:24:37] [Server thread/DEBUG] [FML/]: No mcmod.info file found in directory 1.7.10
[20:24:37] [Server thread/DEBUG] [FML/]: Examining file [1.7.10] SecurityCraft v1.8.13.jar for potential mods
[20:24:37] [Server thread/DEBUG] [FML/]: The mod container [1.7.10] SecurityCraft v1.8.13.jar appears to be missing an mcmod.info file
[20:24:37] [Server thread/DEBUG] [FML/]: Identified a mod of type Lcpw/mods/fml/common/Mod; (net.geforcemods.securitycraft.SecurityCraft) - loading
[20:24:37] [Server thread/TRACE] [securitycraft/]: Parsed dependency info : [Forge@[10.13.4.1558,)] [Forge@[10.13.4.1558,), LookingGlass@[0.2.0.01,)] []
[20:24:37] [Server thread/DEBUG] [FML/]: Examining file [1.7.10]WailaAddonBC-1.0.5.1.jar for potential mods
[20:24:37] [Server thread/TRACE] [FML/]: Located mcmod.info file in file [1.7.10]WailaAddonBC-1.0.5.1.jar
[20:24:37] [Server thread/DEBUG] [FML/]: Identified a mod of type Lcpw/mods/fml/common/Mod; (pome.waila.bcaddon.WailaAddonBC) - loading
[20:24:37] [Server thread/TRACE] [WailaAddonBC/]: Parsed dependency info : [Waila] [Waila, BuildCraft|Transport@[7.0.3,), BuildCraft|Silicon@[7.0.3,)] []
[20:24:37] [Server thread/DEBUG] [FML/]: Examining file ActuallyAdditions-1.7.10-r21.jar for potential mods
[20:24:37] [Server thread/TRACE] [FML/]: Located mcmod.info file in file ActuallyAdditions-1.7.10-r21.jar
[20:24:37] [Server thread/DEBUG] [FML/]: Identified a mod of type Lcpw/mods/fml/common/Mod; (de.ellpeck.actuallyadditions.mod.ActuallyAdditions) - loading
[20:24:37] [Server thread/TRACE] [ActuallyAdditions/]: Parsed dependency info : [] [BuildCraft|Energy] []
[20:24:37] [Server thread/DEBUG] [FML/]: Examining file AdvancedRocketry-1.7.10-1.2.2.jar for potential mods
[20:24:37] [Server thread/TRACE] [FML/]: Located mcmod.info file in file AdvancedRocketry-1.7.10-1.2.2.jar
[20:24:37] [Server thread/DEBUG] [FML/]: Identified a mod of type Lcpw/mods/fml/common/Mod; (zmaster587.advancedRocketry.AdvancedRocketry) - loading
[20:24:37] [Server thread/TRACE] [advancedRocketry/]: Parsed dependency info : [libVulpes@[0.2.5,)] [libVulpes@[0.2.5,)] []
[20:24:37] [Server thread/DEBUG] [FML/]: Examining file ae2stuff-0.5.0.56-mc1.7.10.jar for potential mods
[20:24:37] [Server thread/TRACE] [FML/]: Located mcmod.info file in file ae2stuff-0.5.0.56-mc1.7.10.jar
[20:24:37] [Server thread/DEBUG] [FML/]: Identified a mod of type Lcpw/mods/fml/common/Mod; (net.bdew.ae2stuff.AE2Stuff) - loading
[20:24:37] [Server thread/TRACE] [ae2stuff/]: Parsed dependency info : [bdlib@[1.9.2.104,), appliedenergistics2] [appliedenergistics2, bdlib@[1.9.2.104,)] []
[20:24:37] [Server thread/DEBUG] [FML/]: Examining file AgriCraft-1.7.10-1.5.0.jar for potential mods
[20:24:37] [Server thread/TRACE] [FML/]: Located mcmod.info file in file AgriCraft-1.7.10-1.5.0.jar
[20:24:37] [Server thread/DEBUG] [FML/]: Identified a mod of type Lcpw/mods/fml/common/Mod; (com.InfinityRaider.AgriCraft.AgriCraft) - loading
[20:24:37] [Server thread/TRACE] [AgriCraft/]: Parsed dependency info : [] [] []
[20:24:37] [Server thread/DEBUG] [FML/]: Examining file appliedenergistics2-rv3-beta-6.jar for potential mods
[20:24:37] [Server thread/TRACE] [FML/]: Located mcmod.info file in file appliedenergistics2-rv3-beta-6.jar
[20:24:37] [Server thread/DEBUG] [FML/]: Identified a mod of type Lcpw/mods/fml/common/Mod; (appeng.core.AppEng) - loading
[20:24:37] [Server thread/TRACE] [appliedenergistics2/]: Parsed dependency info : [Forge@[10.13.4.1448,)] [appliedenergistics2-core, Forge@[10.13.4.1448,)] []
[20:24:38] [Server thread/DEBUG] [FML/]: Examining file bdlib-1.9.4.109-mc1.7.10.jar for potential mods
[20:24:38] [Server thread/TRACE] [FML/]: Located mcmod.info file in file bdlib-1.9.4.109-mc1.7.10.jar
[20:24:38] [Server thread/DEBUG] [FML/]: Identified a mod of type Lcpw/mods/fml/common/Mod; (net.bdew.lib.BdLib) - loading
[20:24:38] [Server thread/TRACE] [bdlib/]: Parsed dependency info : [] [] []
[20:24:38] [Server thread/DEBUG] [FML/]: Examining file BetterBuildersWands-0.8.1-1.7.10r92+aec06c3.jar for potential mods
[20:24:38] [Server thread/TRACE] [FML/]: Located mcmod.info file in file BetterBuildersWands-0.8.1-1.7.10r92+aec06c3.jar
[20:24:38] [Server thread/DEBUG] [FML/]: Identified a mod of type Lcpw/mods/fml/common/Mod; (portablejim.bbw.BetterBuildersWandsMod) - loading
[20:24:38] [Server thread/TRACE] [betterbuilderswands/]: Parsed dependency info : [] [] []
[20:24:38] [Server thread/DEBUG] [betterbuilderswands/]: Attempting to load the file version.properties from BetterBuildersWands-0.8.1-1.7.10r92+aec06c3.jar to locate a version number for betterbuilderswands
[20:24:38] [Server thread/DEBUG] [betterbuilderswands/]: Found version null for mod betterbuilderswands in version.properties, using
[20:24:38] [Server thread/WARN] [betterbuilderswands/]: Mod betterbuilderswands is missing the required element 'version' and a version.properties file could not be found. Falling back to metadata version 0.8.1
[20:24:38] [Server thread/DEBUG] [FML/]: Examining file BigReactors-0.4.3A.jar for potential mods
[20:24:38] [Server thread/TRACE] [FML/]: Located mcmod.info file in file BigReactors-0.4.3A.jar
[20:24:38] [Server thread/DEBUG] [FML/]: Identified a mod of type Lcpw/mods/fml/common/Mod; (erogenousbeef.bigreactors.common.BRLoader) - loading
[20:24:38] [Server thread/TRACE] [BigReactors/]: Parsed dependency info : [CoFHCore, Forge@[10.13.2.1291,)] [Forge@[10.13.2.1291,), CoFHCore, ThermalExpansion] []
[20:24:38] [Server thread/DEBUG] [FML/]: Examining file BiomesOPlenty-1.7.10-2.1.0.1889-universal.jar for potential mods
[20:24:38] [Server thread/TRACE] [FML/]: Located mcmod.info file in file BiomesOPlenty-1.7.10-2.1.0.1889-universal.jar
[20:24:38] [Server thread/DEBUG] [FML/]: Identified a mod of type Lcpw/mods/fml/common/Mod; (biomesoplenty.BiomesOPlenty) - loading
[20:24:38] [Server thread/TRACE] [BiomesOPlenty/]: Parsed dependency info : [Forge@[10.13.4.1566,)] [Natura, Forge@[10.13.4.1566,)] []
[20:24:38] [Server thread/DEBUG] [BiomesOPlenty/]: Attempting to load the file version.properties from BiomesOPlenty-1.7.10-2.1.0.1889-universal.jar to locate a version number for BiomesOPlenty
[20:24:38] [Server thread/DEBUG] [BiomesOPlenty/]: Found version 2.1.0 for mod BiomesOPlenty in version.properties, using
[20:24:38] [Server thread/DEBUG] [FML/]: Examining file BloodMagic-1.7.10-1.3.3-17.jar for potential mods
[20:24:38] [Server thread/TRACE] [FML/]: Located mcmod.info file in file BloodMagic-1.7.10-1.3.3-17.jar
[20:24:38] [Server thread/DEBUG] [FML/]: Identified a mod of type Lcpw/mods/fml/common/Mod; (WayofTime.alchemicalWizardry.AlchemicalWizardry) - loading
[20:24:38] [Server thread/TRACE] [AWWayofTime/]: Parsed dependency info : [] [] []
[20:24:38] [Server thread/DEBUG] [FML/]: Examining file Botania r1.8-249.jar for potential mods
[20:24:38] [Server thread/TRACE] [FML/]: Located mcmod.info file in file Botania r1.8-249.jar
[20:24:38] [Server thread/DEBUG] [FML/]: Identified a mod of type Lcpw/mods/fml/common/Mod; (vazkii.botania.common.Botania) - loading
[20:24:38] [Server thread/TRACE] [Botania/]: Parsed dependency info : [Baubles] [Baubles, Thaumcraft] []
[20:24:38] [Server thread/DEBUG] [FML/]: Examining file BrandonsCore-1.0.0.12.jar for potential mods
[20:24:38] [Server thread/TRACE] [FML/]: Located mcmod.info file in file BrandonsCore-1.0.0.12.jar
[20:24:38] [Server thread/DEBUG] [FML/]: Identified a mod of type Lcpw/mods/fml/common/Mod; (com.brandon3055.brandonscore.BrandonsCore) - loading
[20:24:38] [Server thread/TRACE] [BrandonsCore/]: Parsed dependency info : [] [] []
[20:24:38] [Server thread/DEBUG] [FML/]: Examining file buildcraft-7.1.23.jar for potential mods
[20:24:38] [Server thread/TRACE] [FML/]: Located mcmod.info file in file buildcraft-7.1.23.jar
[20:24:38] [Server thread/DEBUG] [FML/]: Identified a mod of type Lcpw/mods/fml/common/Mod; (buildcraft.BuildCraftCore) - loading
[20:24:38] [Server thread/TRACE] [BuildCraft|Core/]: Parsed dependency info : [Forge@[10.13.2.1236,)] [Forge@[10.13.2.1236,)] []
[20:24:38] [Server thread/DEBUG] [FML/]: Identified a mod of type Lcpw/mods/fml/common/Mod; (buildcraft.BuildCraftTransport) - loading
[20:24:38] [Server thread/TRACE] [BuildCraft|Transport/]: Parsed dependency info : [BuildCraft|Core@7.1.23] [BuildCraft|Core@7.1.23] []
[20:24:38] [Server thread/DEBUG] [FML/]: Identified a mod of type Lcpw/mods/fml/common/Mod; (buildcraft.BuildCraftFactory) - loading
[20:24:38] [Server thread/TRACE] [BuildCraft|Factory/]: Parsed dependency info : [BuildCraft|Core@7.1.23] [BuildCraft|Core@7.1.23] []
[20:24:38] [Server thread/DEBUG] [FML/]: Identified a mod of type Lcpw/mods/fml/common/Mod; (buildcraft.BuildCraftSilicon) - loading
[20:24:38] [Server thread/TRACE] [BuildCraft|Silicon/]: Parsed dependency info : [BuildCraft|Core@7.1.23] [BuildCraft|Core@7.1.23] []
[20:24:38] [Server thread/DEBUG] [FML/]: Identified a mod of type Lcpw/mods/fml/common/Mod; (buildcraft.BuildCraftRobotics) - loading
[20:24:38] [Server thread/TRACE] [BuildCraft|Robotics/]: Parsed dependency info : [BuildCraft|Core@7.1.23] [BuildCraft|Core@7.1.23] []
[20:24:38] [Server thread/DEBUG] [FML/]: Identified a mod of type Lcpw/mods/fml/common/Mod; (buildcraft.BuildCraftEnergy) - loading
[20:24:38] [Server thread/TRACE] [BuildCraft|Energy/]: Parsed dependency info : [BuildCraft|Core@7.1.23] [BuildCraft|Core@7.1.23] []
[20:24:38] [Server thread/DEBUG] [FML/]: Identified a mod of type Lcpw/mods/fml/common/Mod; (buildcraft.BuildCraftBuilders) - loading
[20:24:38] [Server thread/TRACE] [BuildCraft|Builders/]: Parsed dependency info : [BuildCraft|Core@7.1.23] [BuildCraft|Core@7.1.23] []
[20:24:39] [Server thread/DEBUG] [FML/]: Examining file Carpenter's Blocks v3.3.8.2 - MC 1.7.10.jar for potential mods
[20:24:39] [Server thread/TRACE] [FML/]: Located mcmod.info file in file Carpenter's Blocks v3.3.8.2 - MC 1.7.10.jar
[20:24:39] [Server thread/DEBUG] [FML/]: Identified a mod of type Lcpw/mods/fml/common/Mod; (com.carpentersblocks.CarpentersBlocks) - loading
[20:24:39] [Server thread/TRACE] [CarpentersBlocks/]: Parsed dependency info : [Forge@[10.13.0.1180,)] [Forge@[10.13.0.1180,)] []
[20:24:39] [Server thread/DEBUG] [FML/]: Examining directory carpentersblocks for potential mods
[20:24:39] [Server thread/DEBUG] [FML/]: No mcmod.info file found in directory carpentersblocks
[20:24:39] [Server thread/DEBUG] [FML/]: Examining file ChestTransporter-1.7.10-2.0.6.jar for potential mods
[20:24:39] [Server thread/TRACE] [FML/]: Located mcmod.info file in file ChestTransporter-1.7.10-2.0.6.jar
[20:24:39] [Server thread/DEBUG] [FML/]: Identified a mod of type Lcpw/mods/fml/common/Mod; (cubex2.mods.chesttransporter.ChestTransporter) - loading
[20:24:39] [Server thread/TRACE] [ChestTransporter/]: Parsed dependency info : [] [] []
[20:24:39] [Server thread/DEBUG] [FML/]: Examining file Chisel-2.9.5.11.jar for potential mods
[20:24:39] [Server thread/TRACE] [FML/]: Located mcmod.info file in file Chisel-2.9.5.11.jar
[20:24:39] [Server thread/DEBUG] [FML/]: Identified a mod of type Lcpw/mods/fml/common/Mod; (team.chisel.Chisel) - loading
[20:24:39] [Server thread/TRACE] [chisel/]: Parsed dependency info : [] [EE3, ForgeMultipart, Thaumcraft, appliedenergistics2, Railcraft, AWWayofTime, TwilightForest] []
[20:24:39] [Server thread/DEBUG] [FML/]: Examining file ChocoCraftPlus-1.7.10-4.5.6.jar for potential mods
[20:24:39] [Server thread/TRACE] [FML/]: Located mcmod.info file in file ChocoCraftPlus-1.7.10-4.5.6.jar
[20:24:39] [Server thread/DEBUG] [FML/]: Identified a mod of type Lcpw/mods/fml/common/Mod; (chococraft.common.ModChocoCraft) - loading
[20:24:39] [Server thread/TRACE] [chococraft/]: Parsed dependency info : [] [] []
[20:24:39] [Server thread/DEBUG] [FML/]: Examining file CoFHCore-[1.7.10]3.1.4-329.jar for potential mods
[20:24:39] [Server thread/TRACE] [FML/]: Located mcmod.info file in file CoFHCore-[1.7.10]3.1.4-329.jar
[20:24:39] [Server thread/DEBUG] [FML/]: Identified a mod of type Lcpw/mods/fml/common/Mod; (cofh.CoFHCore) - loading
[20:24:39] [Server thread/TRACE] [CoFHCore/]: Parsed dependency info : [Forge@[10.13.4.1448,10.14)] [Forge@[10.13.4.1448,10.14)] []
[20:24:39] [Server thread/DEBUG] [FML/]: Examining file CoFHLib-[1.7.10]1.2.1-185.jar for potential mods
[20:24:39] [Server thread/DEBUG] [FML/]: The mod container CoFHLib-[1.7.10]1.2.1-185.jar appears to be missing an mcmod.info file
[20:24:39] [Server thread/DEBUG] [FML/]: Examining file CosmeticArmorReworked-1.7.10-v6b.jar for potential mods
[20:24:39] [Server thread/TRACE] [FML/]: Located mcmod.info file in file CosmeticArmorReworked-1.7.10-v6b.jar
[20:24:39] [Server thread/DEBUG] [FML/]: Identified a mod of type Lcpw/mods/fml/common/Mod; (lain.mods.cos.CosmeticArmorReworked) - loading
[20:24:39] [Server thread/TRACE] [cosmeticarmorreworked/]: Using mcmod dependency info : [Forge] [] []
[20:24:39] [Server thread/DEBUG] [cosmeticarmorreworked/]: Attempting to load the file version.properties from CosmeticArmorReworked-1.7.10-v6b.jar to locate a version number for cosmeticarmorreworked
[20:24:39] [Server thread/WARN] [cosmeticarmorreworked/]: Mod cosmeticarmorreworked is missing the required element 'version' and a version.properties file could not be found. Falling back to metadata version 1.7.10-v6b
[20:24:39] [Server thread/DEBUG] [FML/]: Examining file CraftTweaker-1.7.10-3.1.0-legacy.jar for potential mods
[20:24:39] [Server thread/TRACE] [FML/]: Located mcmod.info file in file CraftTweaker-1.7.10-3.1.0-legacy.jar
[20:24:39] [Server thread/DEBUG] [FML/]: Identified a mod of type Lcpw/mods/fml/common/Mod; (minetweaker.mc1710.MineTweakerMod) - loading
[20:24:39] [Server thread/TRACE] [MineTweaker3/]: Parsed dependency info : [] [] []
[20:24:39] [Server thread/DEBUG] [FML/]: Examining file Draconic-Evolution-1.7.10-1.0.2h.jar for potential mods
[20:24:39] [Server thread/TRACE] [FML/]: Located mcmod.info file in file Draconic-Evolution-1.7.10-1.0.2h.jar
[20:24:39] [Server thread/DEBUG] [FML/]: Identified a mod of type Lcpw/mods/fml/common/Mod; (com.brandon3055.draconicevolution.DraconicEvolution) - loading
[20:24:39] [Server thread/TRACE] [DraconicEvolution/]: Parsed dependency info : [BrandonsCore@[1.0.0.11,)] [NotEnoughItems, NotEnoughItems, ThermalExpansion, ThermalFoundation, BrandonsCore@[1.0.0.11,)] []
[20:24:39] [Server thread/DEBUG] [FML/]: Examining file DynamicSurroundings-1.7.10-1.0.6.4.jar for potential mods
[20:24:39] [Server thread/TRACE] [FML/]: Located mcmod.info file in file DynamicSurroundings-1.7.10-1.0.6.4.jar
[20:24:39] [Server thread/DEBUG] [FML/]: Identified a mod of type Lcpw/mods/fml/common/Mod; (org.blockartistry.mod.DynSurround.Module) - loading
[20:24:39] [Server thread/TRACE] [dsurround/]: Parsed dependency info : [Forge@[10.13.4.1614,)] [Forge@[10.13.4.1614,)] []
[20:24:39] [Server thread/DEBUG] [FML/]: Examining file ExtraCells-1.7.10-2.4.0.jar for potential mods
[20:24:39] [Server thread/TRACE] [FML/]: Located mcmod.info file in file ExtraCells-1.7.10-2.4.0.jar
[20:24:39] [Server thread/DEBUG] [FML/]: Identified a mod of type Lcpw/mods/fml/common/Mod; (extracells.Extracells) - loading
[20:24:39] [Server thread/TRACE] [extracells/]: Parsed dependency info : [appliedenergistics2] [LogisticsPipes|Main, Waila, appliedenergistics2] []
[20:24:39] [Server thread/DEBUG] [extracells/]: Attempting to load the file version.properties from ExtraCells-1.7.10-2.4.0.jar to locate a version number for extracells
[20:24:39] [Server thread/DEBUG] [extracells/]: Found version 2.4.0 for mod extracells in version.properties, using
[20:24:39] [Server thread/DEBUG] [FML/]: Examining file extrautilities-1.2.12.jar for potential mods
[20:24:39] [Server thread/TRACE] [FML/]: Located mcmod.info file in file extrautilities-1.2.12.jar
[20:24:39] [Server thread/DEBUG] [FML/]: Identified a mod of type Lcpw/mods/fml/common/Mod; (com.rwtema.extrautils.ExtraUtilsMod) - loading
[20:24:39] [Server thread/TRACE] [ExtraUtilities/]: Parsed dependency info : [Forge@[10.13.2.1291,)] [Forge@[10.13.2.1291,), ForgeMultipart@[1.2.0.336,), Baubles, ThermalFoundation, EE3] [TConstruct@[1.7.10-1.8.5,)]
[20:24:39] [Server thread/DEBUG] [ExtraUtilities/]: Attempting to load the file version.properties from extrautilities-1.2.12.jar to locate a version number for ExtraUtilities
[20:24:39] [Server thread/WARN] [ExtraUtilities/]: Mod ExtraUtilities is missing the required element 'version' and a version.properties file could not be found. Falling back to metadata version 1.2.12
[20:24:39] [Server thread/DEBUG] [FML/]: Examining file FastLeafDecay-1.7.10-1.4.jar for potential mods
[20:24:39] [Server thread/TRACE] [FML/]: Located mcmod.info file in file FastLeafDecay-1.7.10-1.4.jar
[20:24:39] [Server thread/DEBUG] [FML/]: Identified a mod of type Lcpw/mods/fml/common/Mod; (com.olafski.fastleafdecay.FastLeafDecay) - loading
[20:24:39] [Server thread/TRACE] [fastleafdecay/]: Parsed dependency info : [] [] []
[20:24:39] [Server thread/DEBUG] [FML/]: Examining file GraveStone Mod 0.7.10.3.jar for potential mods
[20:24:39] [Server thread/TRACE] [FML/]: Located mcmod.info file in file GraveStone Mod 0.7.10.3.jar
[20:24:39] [Server thread/DEBUG] [FML/]: Identified a mod of type Lcpw/mods/fml/common/Mod; (de.maxhenkel.gravestone.Main) - loading
[20:24:39] [Server thread/TRACE] [gravestone/]: Parsed dependency info : [] [] []
[20:24:39] [Server thread/DEBUG] [FML/]: Examining directory ic2 for potential mods
[20:24:39] [Server thread/DEBUG] [FML/]: No mcmod.info file found in directory ic2
[20:24:39] [Server thread/DEBUG] [FML/]: Examining file iChunUtil-4.2.3.jar for potential mods
[20:24:39] [Server thread/TRACE] [FML/]: Located mcmod.info file in file iChunUtil-4.2.3.jar
[20:24:39] [Server thread/DEBUG] [FML/]: Identified a mod of type Lcpw/mods/fml/common/Mod; (ichun.common.iChunUtil) - loading
[20:24:39] [Server thread/TRACE] [iChunUtil/]: Parsed dependency info : [Forge@[10.13.2.1291,)] [Forge@[10.13.2.1291,)] []
[20:24:39] [Server thread/DEBUG] [FML/]: Examining file ImmersiveEngineering-0.7.7.jar for potential mods
[20:24:39] [Server thread/TRACE] [FML/]: Located mcmod.info file in file ImmersiveEngineering-0.7.7.jar
[20:24:39] [Server thread/DEBUG] [FML/]: Identified a mod of type Lcpw/mods/fml/common/Mod; (blusunrize.immersiveengineering.ImmersiveEngineering) - loading
[20:24:39] [Server thread/TRACE] [ImmersiveEngineering/]: Parsed dependency info : [] [Railcraft, ThermalFoundation, Avaritia] [TConstruct]
[20:24:39] [Server thread/DEBUG] [FML/]: Examining file immersiveintegration-0.6.8.jar for potential mods
[20:24:39] [Server thread/TRACE] [FML/]: Located mcmod.info file in file immersiveintegration-0.6.8.jar
[20:24:39] [Server thread/DEBUG] [FML/]: Identified a mod of type Lcpw/mods/fml/common/Mod; (unwrittenfun.minecraft.immersiveintegration.ImmersiveIntegration) - loading
[20:24:39] [Server thread/TRACE] [immersiveintegration/]: Parsed dependency info : [ImmersiveEngineering, Forge] [Forge, ImmersiveEngineering, appliedenergistics2] []
[20:24:40] [Server thread/DEBUG] [FML/]: Examining file industrialcraft-2-2.2.827-experimental.jar for potential mods
[20:24:40] [Server thread/TRACE] [FML/]: Located mcmod.info file in file industrialcraft-2-2.2.827-experimental.jar
[20:24:40] [Server thread/DEBUG] [FML/]: Identified a mod of type Lcpw/mods/fml/common/Mod; (ic2.core.IC2) - loading
[20:24:40] [Server thread/TRACE] [IC2/]: Parsed dependency info : [Forge@[10.13.0.1200,)] [Forge@[10.13.0.1200,)] []
