[20:25:00] [Server console handler/ERROR]: Exception handling console input
java.io.IOException: Ýþleyici geçersiz
	at java.io.FileInputStream.readBytes(Native Method) ~[?:1.8.0_301]
	at java.io.FileInputStream.read(Unknown Source) ~[?:1.8.0_301]
	at java.io.BufferedInputStream.read1(Unknown Source) ~[?:1.8.0_301]
	at java.io.BufferedInputStream.read(Unknown Source) ~[?:1.8.0_301]
	at sun.nio.cs.StreamDecoder.readBytes(Unknown Source) ~[?:1.8.0_301]
	at sun.nio.cs.StreamDecoder.implRead(Unknown Source) ~[?:1.8.0_301]
	at sun.nio.cs.StreamDecoder.read(Unknown Source) ~[?:1.8.0_301]
	at java.io.InputStreamReader.read(Unknown Source) ~[?:1.8.0_301]
	at java.io.BufferedReader.fill(Unknown Source) ~[?:1.8.0_301]
	at java.io.BufferedReader.readLine(Unknown Source) ~[?:1.8.0_301]
	at java.io.BufferedReader.readLine(Unknown Source) ~[?:1.8.0_301]
	at net.minecraft.server.dedicated.DedicatedServer$2.run(DedicatedServer.java:97) [lv.class:?]
[20:25:00] [Server thread/INFO]: Starting minecraft server version 1.7.10
[20:25:47] [Server thread/INFO]: Loading properties
[20:25:47] [Server thread/INFO]: Default game type: SURVIVAL
[20:25:47] [Server thread/INFO]: Generating keypair
[20:25:47] [Server thread/INFO]: Starting Minecraft server on *:25565
[20:25:47] [Server thread/WARN]: **** SERVER IS RUNNING IN OFFLINE/INSECURE MODE!
[20:25:47] [Server thread/WARN]: The server will make no attempt to authenticate usernames. Beware.
[20:25:47] [Server thread/WARN]: While this makes the game possible to play without internet access, it also opens up the ability for hackers to connect with any username they choose.
[20:25:47] [Server thread/WARN]: To change this, set "online-mode" to "true" in the server.properties file.
[20:26:12] [Immersive Engineering Contributors Name Finder Thread/WARN]: Couldn't look up profile properties for com.mojang.authlib.GameProfile@56cb5852[id=e8b46b33-3e17-4b64-8d07-9af116df7d3b,name=<null>,properties={},legacy=false]
com.mojang.authlib.exceptions.AuthenticationUnavailableException: Cannot contact authentication server
	at com.mojang.authlib.yggdrasil.YggdrasilAuthenticationService.makeRequest(YggdrasilAuthenticationService.java:71) ~[minecraft_server.1.7.10.jar:?]
	at com.mojang.authlib.yggdrasil.YggdrasilMinecraftSessionService.fillProfileProperties(YggdrasilMinecraftSessionService.java:135) [minecraft_server.1.7.10.jar:?]
	at blusunrize.immersiveengineering.common.CommonProxy.getNameFromUUID(CommonProxy.java:122) [CommonProxy.class:?]
	at blusunrize.immersiveengineering.common.util.compat.BotaniaHelper$ThreadContributorToNameFormatter.run(BotaniaHelper.java:90) [BotaniaHelper$ThreadContributorToNameFormatter.class:?]
Caused by: javax.net.ssl.SSLHandshakeException: sun.security.validator.ValidatorException: PKIX path building failed: sun.security.provider.certpath.SunCertPathBuilderException: unable to find valid certification path to requested target
	at sun.security.ssl.Alert.createSSLException(Unknown Source) ~[?:1.8.0_301]
	at sun.security.ssl.TransportContext.fatal(Unknown Source) ~[?:1.8.0_301]
	at sun.security.ssl.TransportContext.fatal(Unknown Source) ~[?:1.8.0_301]
	at sun.security.ssl.TransportContext.fatal(Unknown Source) ~[?:1.8.0_301]
	at sun.security.ssl.CertificateMessage$T12CertificateConsumer.checkServerCerts(Unknown Source) ~[?:1.8.0_301]
	at sun.security.ssl.CertificateMessage$T12CertificateConsumer.onCertificate(Unknown Source) ~[?:1.8.0_301]
	at sun.security.ssl.CertificateMessage$T12CertificateConsumer.consume(Unknown Source) ~[?:1.8.0_301]
	at sun.security.ssl.SSLHandshake.consume(Unknown Source) ~[?:1.8.0_301]
	at sun.security.ssl.HandshakeContext.dispatch(Unknown Source) ~[?:1.8.0_301]
	at sun.security.ssl.HandshakeContext.dispatch(Unknown Source) ~[?:1.8.0_301]
	at sun.security.ssl.TransportContext.dispatch(Unknown Source) ~[?:1.8.0_301]
	at sun.security.ssl.SSLTransport.decode(Unknown Source) ~[?:1.8.0_301]
	at sun.security.ssl.SSLSocketImpl.decode(Unknown Source) ~[?:1.8.0_301]
	at sun.security.ssl.SSLSocketImpl.readHandshakeRecord(Unknown Source) ~[?:1.8.0_301]
	at sun.security.ssl.SSLSocketImpl.startHandshake(Unknown Source) ~[?:1.8.0_301]
	at sun.security.ssl.SSLSocketImpl.startHandshake(Unknown Source) ~[?:1.8.0_301]
	at sun.net.www.protocol.https.HttpsClient.afterConnect(Unknown Source) ~[?:1.8.0_301]
	at sun.net.www.protocol.https.AbstractDelegateHttpsURLConnection.connect(Unknown Source) ~[?:1.8.0_301]
	at sun.net.www.protocol.http.HttpURLConnection.getInputStream0(Unknown Source) ~[?:1.8.0_301]
	at sun.net.www.protocol.http.HttpURLConnection.access$200(Unknown Source) ~[?:1.8.0_301]
	at sun.net.www.protocol.http.HttpURLConnection$9.run(Unknown Source) ~[?:1.8.0_301]
	at sun.net.www.protocol.http.HttpURLConnection$9.run(Unknown Source) ~[?:1.8.0_301]
	at java.security.AccessController.doPrivileged(Native Method) ~[?:1.8.0_301]
	at java.security.AccessController.doPrivilegedWithCombiner(Unknown Source) ~[?:1.8.0_301]
	at sun.net.www.protocol.http.HttpURLConnection.getInputStream(Unknown Source) ~[?:1.8.0_301]
	at sun.net.www.protocol.https.HttpsURLConnectionImpl.getInputStream(Unknown Source) ~[?:1.8.0_301]
	at com.mojang.authlib.HttpAuthenticationService.performGetRequest(HttpAuthenticationService.java:126) ~[minecraft_server.1.7.10.jar:?]
	at com.mojang.authlib.yggdrasil.YggdrasilAuthenticationService.makeRequest(YggdrasilAuthenticationService.java:54) ~[minecraft_server.1.7.10.jar:?]
	... 3 more
Caused by: sun.security.validator.ValidatorException: PKIX path building failed: sun.security.provider.certpath.SunCertPathBuilderException: unable to find valid certification path to requested target
	at sun.security.validator.PKIXValidator.doBuild(Unknown Source) ~[?:1.8.0_301]
	at sun.security.validator.PKIXValidator.engineValidate(Unknown Source) ~[?:1.8.0_301]
	at sun.security.validator.Validator.validate(Unknown Source) ~[?:1.8.0_301]
	at sun.security.ssl.X509TrustManagerImpl.validate(Unknown Source) ~[?:1.8.0_301]
	at sun.security.ssl.X509TrustManagerImpl.checkTrusted(Unknown Source) ~[?:1.8.0_301]
	at sun.security.ssl.X509TrustManagerImpl.checkServerTrusted(Unknown Source) ~[?:1.8.0_301]
	at sun.security.ssl.CertificateMessage$T12CertificateConsumer.checkServerCerts(Unknown Source) ~[?:1.8.0_301]
	at sun.security.ssl.CertificateMessage$T12CertificateConsumer.onCertificate(Unknown Source) ~[?:1.8.0_301]
	at sun.security.ssl.CertificateMessage$T12CertificateConsumer.consume(Unknown Source) ~[?:1.8.0_301]
	at sun.security.ssl.SSLHandshake.consume(Unknown Source) ~[?:1.8.0_301]
	at sun.security.ssl.HandshakeContext.dispatch(Unknown Source) ~[?:1.8.0_301]
	at sun.security.ssl.HandshakeContext.dispatch(Unknown Source) ~[?:1.8.0_301]
	at sun.security.ssl.TransportContext.dispatch(Unknown Source) ~[?:1.8.0_301]
	at sun.security.ssl.SSLTransport.decode(Unknown Source) ~[?:1.8.0_301]
	at sun.security.ssl.SSLSocketImpl.decode(Unknown Source) ~[?:1.8.0_301]
	at sun.security.ssl.SSLSocketImpl.readHandshakeRecord(Unknown Source) ~[?:1.8.0_301]
	at sun.security.ssl.SSLSocketImpl.startHandshake(Unknown Source) ~[?:1.8.0_301]
	at sun.security.ssl.SSLSocketImpl.startHandshake(Unknown Source) ~[?:1.8.0_301]
	at sun.net.www.protocol.https.HttpsClient.afterConnect(Unknown Source) ~[?:1.8.0_301]
	at sun.net.www.protocol.https.AbstractDelegateHttpsURLConnection.connect(Unknown Source) ~[?:1.8.0_301]
	at sun.net.www.protocol.http.HttpURLConnection.getInputStream0(Unknown Source) ~[?:1.8.0_301]
	at sun.net.www.protocol.http.HttpURLConnection.access$200(Unknown Source) ~[?:1.8.0_301]
	at sun.net.www.protocol.http.HttpURLConnection$9.run(Unknown Source) ~[?:1.8.0_301]
	at sun.net.www.protocol.http.HttpURLConnection$9.run(Unknown Source) ~[?:1.8.0_301]
	at java.security.AccessController.doPrivileged(Native Method) ~[?:1.8.0_301]
	at java.security.AccessController.doPrivilegedWithCombiner(Unknown Source) ~[?:1.8.0_301]
	at sun.net.www.protocol.http.HttpURLConnection.getInputStream(Unknown Source) ~[?:1.8.0_301]
	at sun.net.www.protocol.https.HttpsURLConnectionImpl.getInputStream(Unknown Source) ~[?:1.8.0_301]
	at com.mojang.authlib.HttpAuthenticationService.performGetRequest(HttpAuthenticationService.java:126) ~[minecraft_server.1.7.10.jar:?]
	at com.mojang.authlib.yggdrasil.YggdrasilAuthenticationService.makeRequest(YggdrasilAuthenticationService.java:54) ~[minecraft_server.1.7.10.jar:?]
	... 3 more
Caused by: sun.security.provider.certpath.SunCertPathBuilderException: unable to find valid certification path to requested target
	at sun.security.provider.certpath.SunCertPathBuilder.build(Unknown Source) ~[?:1.8.0_301]
	at sun.security.provider.certpath.SunCertPathBuilder.engineBuild(Unknown Source) ~[?:1.8.0_301]
	at java.security.cert.CertPathBuilder.build(Unknown Source) ~[?:1.8.0_301]
	at sun.security.validator.PKIXValidator.doBuild(Unknown Source) ~[?:1.8.0_301]
	at sun.security.validator.PKIXValidator.engineValidate(Unknown Source) ~[?:1.8.0_301]
	at sun.security.validator.Validator.validate(Unknown Source) ~[?:1.8.0_301]
	at sun.security.ssl.X509TrustManagerImpl.validate(Unknown Source) ~[?:1.8.0_301]
	at sun.security.ssl.X509TrustManagerImpl.checkTrusted(Unknown Source) ~[?:1.8.0_301]
	at sun.security.ssl.X509TrustManagerImpl.checkServerTrusted(Unknown Source) ~[?:1.8.0_301]
	at sun.security.ssl.CertificateMessage$T12CertificateConsumer.checkServerCerts(Unknown Source) ~[?:1.8.0_301]
	at sun.security.ssl.CertificateMessage$T12CertificateConsumer.onCertificate(Unknown Source) ~[?:1.8.0_301]
	at sun.security.ssl.CertificateMessage$T12CertificateConsumer.consume(Unknown Source) ~[?:1.8.0_301]
	at sun.security.ssl.SSLHandshake.consume(Unknown Source) ~[?:1.8.0_301]
	at sun.security.ssl.HandshakeContext.dispatch(Unknown Source) ~[?:1.8.0_301]
	at sun.security.ssl.HandshakeContext.dispatch(Unknown Source) ~[?:1.8.0_301]
	at sun.security.ssl.TransportContext.dispatch(Unknown Source) ~[?:1.8.0_301]
	at sun.security.ssl.SSLTransport.decode(Unknown Source) ~[?:1.8.0_301]
	at sun.security.ssl.SSLSocketImpl.decode(Unknown Source) ~[?:1.8.0_301]
	at sun.security.ssl.SSLSocketImpl.readHandshakeRecord(Unknown Source) ~[?:1.8.0_301]
	at sun.security.ssl.SSLSocketImpl.startHandshake(Unknown Source) ~[?:1.8.0_301]
	at sun.security.ssl.SSLSocketImpl.startHandshake(Unknown Source) ~[?:1.8.0_301]
	at sun.net.www.protocol.https.HttpsClient.afterConnect(Unknown Source) ~[?:1.8.0_301]
	at sun.net.www.protocol.https.AbstractDelegateHttpsURLConnection.connect(Unknown Source) ~[?:1.8.0_301]
	at sun.net.www.protocol.http.HttpURLConnection.getInputStream0(Unknown Source) ~[?:1.8.0_301]
	at sun.net.www.protocol.http.HttpURLConnection.access$200(Unknown Source) ~[?:1.8.0_301]
	at sun.net.www.protocol.http.HttpURLConnection$9.run(Unknown Source) ~[?:1.8.0_301]
	at sun.net.www.protocol.http.HttpURLConnection$9.run(Unknown Source) ~[?:1.8.0_301]
	at java.security.AccessController.doPrivileged(Native Method) ~[?:1.8.0_301]
	at java.security.AccessController.doPrivilegedWithCombiner(Unknown Source) ~[?:1.8.0_301]
	at sun.net.www.protocol.http.HttpURLConnection.getInputStream(Unknown Source) ~[?:1.8.0_301]
	at sun.net.www.protocol.https.HttpsURLConnectionImpl.getInputStream(Unknown Source) ~[?:1.8.0_301]
	at com.mojang.authlib.HttpAuthenticationService.performGetRequest(HttpAuthenticationService.java:126) ~[minecraft_server.1.7.10.jar:?]
	at com.mojang.authlib.yggdrasil.YggdrasilAuthenticationService.makeRequest(YggdrasilAuthenticationService.java:54) ~[minecraft_server.1.7.10.jar:?]
	... 3 more
[20:26:18] [Server thread/INFO]: Preparing level "world"
[20:26:20] [Server thread/INFO]: Preparing start region for level 0
[20:26:21] [Server thread/INFO]: Preparing spawn area: 4%
[20:26:22] [Server thread/INFO]: Preparing spawn area: 8%
[20:26:23] [Server thread/INFO]: Preparing spawn area: 9%
[20:26:24] [Server thread/INFO]: Preparing spawn area: 13%
[20:26:25] [Server thread/INFO]: Preparing spawn area: 19%
[20:26:27] [Server thread/INFO]: Preparing spawn area: 26%
[20:26:28] [Server thread/INFO]: Preparing spawn area: 31%
[20:26:29] [Server thread/INFO]: Preparing spawn area: 37%
[20:26:30] [Server thread/INFO]: Preparing spawn area: 42%
[20:26:31] [Server thread/INFO]: Preparing spawn area: 46%
[20:26:32] [Server thread/INFO]: Preparing spawn area: 48%
[20:26:33] [Server thread/INFO]: Preparing spawn area: 51%
[20:26:34] [Server thread/INFO]: Preparing spawn area: 53%
[20:26:35] [Server thread/INFO]: Preparing spawn area: 54%
[20:26:36] [Server thread/INFO]: Preparing spawn area: 55%
[20:26:37] [Server thread/INFO]: Preparing spawn area: 57%
[20:26:39] [Server thread/INFO]: Preparing spawn area: 58%
[20:26:40] [Server thread/INFO]: Preparing spawn area: 66%
[20:26:41] [Server thread/INFO]: Preparing spawn area: 67%
[20:26:42] [Server thread/INFO]: Preparing spawn area: 72%
[20:26:43] [Server thread/INFO]: Preparing spawn area: 80%
[20:26:44] [Server thread/INFO]: Preparing spawn area: 83%
[20:26:45] [Server thread/INFO]: Preparing spawn area: 90%
[20:26:46] [Server thread/INFO]: Preparing spawn area: 99%
[20:26:46] [Server thread/INFO]: Done (28,477s)! For help, type "help" or "?"
[20:26:53] [Server thread/WARN]: Can't keep up! Did the system time change, or is the server overloaded? Running 2877ms behind, skipping 57 tick(s)
[20:27:55] [Server thread/INFO]: brtcrt123[/127.0.0.1:49556] logged in with entity id 3509 at (-49.5, 77.0, 248.5)
[20:27:55] [Server thread/INFO]: brtcrt123 joined the game
[20:27:56] [Server thread/INFO]: brtcrt123 has just earned the achievement [You've been installed!]
[20:28:00] [Server thread/WARN]: Can't keep up! Did the system time change, or is the server overloaded? Running 2641ms behind, skipping 52 tick(s)
[20:28:11] [Server thread/INFO]: brtcrt123 lost connection: TextComponent{text='Disconnected', siblings=[], style=Style{hasParent=false, color=null, bold=null, italic=null, underlined=null, obfuscated=null, clickEvent=null, hoverEvent=null}}
[20:28:11] [Server thread/INFO]: brtcrt123 left the game
[20:28:16] [Server thread/INFO]: Stopping the server
[20:28:16] [Server thread/INFO]: Stopping server
[20:28:16] [Server thread/INFO]: Saving players
[20:28:16] [Server thread/INFO]: Saving worlds
[20:28:16] [Server thread/INFO]: Saving chunks for level 'world'/Overworld
[20:28:16] [Server thread/INFO]: Saving chunks for level 'world'/Nether
[20:28:16] [Server thread/INFO]: Saving chunks for level 'world'/The End
[20:28:16] [Server thread/INFO]: Saving chunks for level 'world'/The Outer Lands
[20:28:16] [Server thread/INFO]: Saving chunks for level 'world'/Underdark
[20:28:16] [Server thread/INFO]: Saving chunks for level 'world'/The Last Millenium
[20:28:16] [Server thread/INFO]: Saving chunks for level 'world'/Space
